#
# There is insufficient memory for the Java Runtime Environment to continue.
# Native memory allocation (malloc) failed to allocate 65552 bytes for Chunk::new
# Possible reasons:
#   The system is out of physical RAM or swap space
#   The process is running with CompressedOops enabled, and the Java Heap may be blocking the growth of the native heap
# Possible solutions:
#   Reduce memory load on the system
#   Increase physical memory or swap space
#   Check if swap backing store is full
#   Decrease Java heap size (-Xmx/-Xms)
#   Decrease number of Java threads
#   Decrease Java thread stack sizes (-Xss)
#   Set larger code cache with -XX:ReservedCodeCacheSize=
#   JVM is running with Zero Based Compressed Oops mode in which the Java heap is
#     placed in the first 32GB address space. The Java Heap base address is the
#     maximum limit for the native heap growth. Please use -XX:HeapBaseMinAddress
#     to set the Java Heap base and to place the Java Heap above 32GB virtual address.
# This output file may be truncated or incomplete.
#
#  Out of Memory Error (./open/src/hotspot/share/memory/arena.cpp:197), pid=5500, tid=12744
#
# JRE version: Java(TM) SE Runtime Environment 18.9 (11.0.14+8) (build 11.0.14+8-LTS-263)
# Java VM: Java HotSpot(TM) 64-Bit Server VM 18.9 (11.0.14+8-LTS-263, mixed mode, tiered, compressed oops, g1 gc, windows-amd64)
# No core dump will be written. Minidumps are not enabled by default on client versions of Windows
#

---------------  S U M M A R Y ------------

Command Line: -agentlib:jdwp=transport=dt_socket,address=127.0.0.1:63314,suspend=y,server=n -javaagent:C:\Users\SagarM7\AppData\Local\JetBrains\IdeaIC2021.3\captureAgent\debugger-agent.jar -Dfile.encoding=UTF-8 com.practo.DoctorSpeciality.DoctorSpecialityApplication

Host: Intel(R) Xeon(R) Gold 6258R CPU @ 2.70GHz, 2 cores, 11G,  Windows 10 , 64 bit Build 19041 (10.0.19041.1741)
Time: Fri Jul 15 01:29:27 2022 India Standard Time elapsed time: 886.596062 seconds (0d 0h 14m 46s)

---------------  T H R E A D  ---------------

Current thread (0x000002887f98b800):  JavaThread "C2 CompilerThread0" daemon [_thread_in_native, id=12744, stack(0x000000e709e00000,0x000000e709f00000)]


Current CompileTask:
C2: 886596 8419   !   4       java.lang.reflect.Field::declaredAnnotations (82 bytes)

Stack: [0x000000e709e00000,0x000000e709f00000]
Native frames: (J=compiled Java code, j=interpreted, Vv=VM code, C=native code)
V  [jvm.dll+0x6296da]
V  [jvm.dll+0x76323f]
V  [jvm.dll+0x7648e9]
V  [jvm.dll+0x764f73]
V  [jvm.dll+0x23d7c8]
V  [jvm.dll+0xb297c]
V  [jvm.dll+0xb2f3c]
V  [jvm.dll+0xc0eaa]
V  [jvm.dll+0x52f74b]
V  [jvm.dll+0x52e0cd]
V  [jvm.dll+0x52d79e]
V  [jvm.dll+0x52d7b1]
V  [jvm.dll+0x52d765]
V  [jvm.dll+0x52d7b1]
V  [jvm.dll+0x53d5d1]
V  [jvm.dll+0x20069d]
V  [jvm.dll+0x1fa44a]
V  [jvm.dll+0x1f742d]
V  [jvm.dll+0x177b21]
V  [jvm.dll+0x206e26]
V  [jvm.dll+0x204fbb]
V  [jvm.dll+0x729170]
V  [jvm.dll+0x721d44]
V  [jvm.dll+0x6285d6]
C  [ucrtbase.dll+0x21bb2]
C  [KERNEL32.DLL+0x17034]
C  [ntdll.dll+0x52651]


---------------  P R O C E S S  ---------------

Threads class SMR info:
_java_thread_list=0x0000028809b9e4a0, length=39, elements={
0x000002887f92c000, 0x000002887f92d800, 0x000002887f89e000, 0x000002887f986800,
0x000002887f988800, 0x000002887f98b800, 0x000002887f98f000, 0x000002887f9fc000,
0x000002887fc2b000, 0x000002887fc86000, 0x0000028803930000, 0x0000028803931000,
0x00000288078e4800, 0x000002880a5fc800, 0x0000028804308000, 0x000002880a59c000,
0x0000028807924800, 0x000002880aa51800, 0x0000028809842800, 0x00000288079d7000,
0x00000288079d5000, 0x00000288079d6000, 0x00000288079d7800, 0x000002887fbea800,
0x000002887fbe9800, 0x000002887fbeb000, 0x000002887fbe8800, 0x000002887fbec000,
0x000002887fbe7000, 0x000002887fbe6800, 0x000002887fbed000, 0x000002887fbed800,
0x000002887fbe8000, 0x000002887fbf0000, 0x000002887fbf4000, 0x000002887fbee800,
0x000002887fbf5000, 0x000002887fbf1000, 0x000002887fbf3800
}

Java Threads: ( => current thread )
  0x000002887f92c000 JavaThread "Reference Handler" daemon [_thread_blocked, id=7668, stack(0x000000e709900000,0x000000e709a00000)]
  0x000002887f92d800 JavaThread "Finalizer" daemon [_thread_blocked, id=6096, stack(0x000000e709a00000,0x000000e709b00000)]
  0x000002887f89e000 JavaThread "Signal Dispatcher" daemon [_thread_blocked, id=8032, stack(0x000000e709b00000,0x000000e709c00000)]
  0x000002887f986800 JavaThread "Attach Listener" daemon [_thread_blocked, id=13120, stack(0x000000e709c00000,0x000000e709d00000)]
  0x000002887f988800 JavaThread "Service Thread" daemon [_thread_blocked, id=6748, stack(0x000000e709d00000,0x000000e709e00000)]
=>0x000002887f98b800 JavaThread "C2 CompilerThread0" daemon [_thread_in_native, id=12744, stack(0x000000e709e00000,0x000000e709f00000)]
  0x000002887f98f000 JavaThread "C1 CompilerThread0" daemon [_thread_blocked, id=7908, stack(0x000000e709f00000,0x000000e70a000000)]
  0x000002887f9fc000 JavaThread "Sweeper thread" daemon [_thread_blocked, id=7032, stack(0x000000e70a000000,0x000000e70a100000)]
  0x000002887fc2b000 JavaThread "Common-Cleaner" daemon [_thread_blocked, id=12524, stack(0x000000e70a100000,0x000000e70a200000)]
  0x000002887fc86000 JavaThread "JDWP Transport Listener: dt_socket" daemon [_thread_blocked, id=8776, stack(0x000000e70a200000,0x000000e70a300000)]
  0x0000028803930000 JavaThread "JDWP Event Helper Thread" daemon [_thread_blocked, id=1952, stack(0x000000e70a300000,0x000000e70a400000)]
  0x0000028803931000 JavaThread "JDWP Command Reader" daemon [_thread_in_native, id=3980, stack(0x000000e70a400000,0x000000e70a500000)]
  0x00000288078e4800 JavaThread "pool-1-thread-1" [_thread_blocked, id=12948, stack(0x000000e70a900000,0x000000e70aa00000)]
  0x000002880a5fc800 JavaThread "spring.cloud.inetutils" daemon [_thread_blocked, id=13772, stack(0x000000e70aa00000,0x000000e70ab00000)]
  0x0000028804308000 JavaThread "Catalina-utility-1" [_thread_blocked, id=14228, stack(0x000000e70ab00000,0x000000e70ac00000)]
  0x000002880a59c000 JavaThread "Catalina-utility-2" [_thread_blocked, id=11468, stack(0x000000e70ac00000,0x000000e70ad00000)]
  0x0000028807924800 JavaThread "container-0" [_thread_blocked, id=12008, stack(0x000000e70ad00000,0x000000e70ae00000)]
  0x000002880aa51800 JavaThread "mssql-jdbc-shared-timer-core-0" daemon [_thread_blocked, id=13896, stack(0x000000e70ae00000,0x000000e70af00000)]
  0x0000028809842800 JavaThread "HikariPool-1 housekeeper" daemon [_thread_blocked, id=8496, stack(0x000000e70af00000,0x000000e70b000000)]
  0x00000288079d7000 JavaThread "AsyncResolver-bootstrap-0" daemon [_thread_blocked, id=680, stack(0x000000e70b000000,0x000000e70b100000)]
  0x00000288079d5000 JavaThread "DiscoveryClient-0" daemon [_thread_blocked, id=14000, stack(0x000000e70b300000,0x000000e70b400000)]
  0x00000288079d6000 JavaThread "DiscoveryClient-1" daemon [_thread_blocked, id=11680, stack(0x000000e70b400000,0x000000e70b500000)]
  0x00000288079d7800 JavaThread "DiscoveryClient-InstanceInfoReplicator-0" daemon [_thread_blocked, id=9588, stack(0x000000e70b500000,0x000000e70b600000)]
  0x000002887fbea800 JavaThread "http-nio-8081-exec-1" daemon [_thread_blocked, id=4732, stack(0x000000e70b600000,0x000000e70b700000)]
  0x000002887fbe9800 JavaThread "http-nio-8081-exec-2" daemon [_thread_blocked, id=13612, stack(0x000000e70b700000,0x000000e70b800000)]
  0x000002887fbeb000 JavaThread "http-nio-8081-exec-3" daemon [_thread_blocked, id=7360, stack(0x000000e70b800000,0x000000e70b900000)]
  0x000002887fbe8800 JavaThread "http-nio-8081-exec-4" daemon [_thread_blocked, id=5980, stack(0x000000e70b900000,0x000000e70ba00000)]
  0x000002887fbec000 JavaThread "http-nio-8081-exec-5" daemon [_thread_blocked, id=11780, stack(0x000000e70ba00000,0x000000e70bb00000)]
  0x000002887fbe7000 JavaThread "http-nio-8081-exec-6" daemon [_thread_blocked, id=8096, stack(0x000000e70bb00000,0x000000e70bc00000)]
  0x000002887fbe6800 JavaThread "http-nio-8081-exec-7" daemon [_thread_blocked, id=13336, stack(0x000000e70bc00000,0x000000e70bd00000)]
  0x000002887fbed000 JavaThread "http-nio-8081-exec-8" daemon [_thread_blocked, id=10692, stack(0x000000e70bd00000,0x000000e70be00000)]
  0x000002887fbed800 JavaThread "http-nio-8081-exec-9" daemon [_thread_blocked, id=7248, stack(0x000000e70be00000,0x000000e70bf00000)]
  0x000002887fbe8000 JavaThread "http-nio-8081-exec-10" daemon [_thread_blocked, id=10344, stack(0x000000e70bf00000,0x000000e70c000000)]
  0x000002887fbf0000 JavaThread "http-nio-8081-Poller" daemon [_thread_in_native, id=7688, stack(0x000000e70c000000,0x000000e70c100000)]
  0x000002887fbf4000 JavaThread "http-nio-8081-Acceptor" daemon [_thread_in_native, id=11660, stack(0x000000e70c100000,0x000000e70c200000)]
  0x000002887fbee800 JavaThread "DestroyJavaVM" [_thread_blocked, id=11520, stack(0x000000e709100000,0x000000e709200000)]
  0x000002887fbf5000 JavaThread "DiscoveryClient-HeartbeatExecutor-0" daemon [_thread_blocked, id=2700, stack(0x000000e709000000,0x000000e709100000)]
  0x000002887fbf1000 JavaThread "DiscoveryClient-CacheRefreshExecutor-0" daemon [_thread_blocked, id=12028, stack(0x000000e709200000,0x000000e709300000)]
  0x000002887fbf3800 JavaThread "AsyncResolver-bootstrap-executor-0" daemon [_thread_blocked, id=13608, stack(0x000000e70a700000,0x000000e70a800000)]

Other Threads:
  0x000002887f894800 VMThread "VM Thread" [stack: 0x000000e709800000,0x000000e709900000] [id=4076]
  0x0000028803936800 WatcherThread [stack: 0x000000e70a500000,0x000000e70a600000] [id=11112]
  0x0000028862eb7000 GCTaskThread "GC Thread#0" [stack: 0x000000e709300000,0x000000e709400000] [id=1144]
  0x0000028803bf5000 GCTaskThread "GC Thread#1" [stack: 0x000000e70a600000,0x000000e70a700000] [id=6452]
  0x0000028862ef7000 ConcurrentGCThread "G1 Main Marker" [stack: 0x000000e709400000,0x000000e709500000] [id=11996]
  0x0000028862ef8800 ConcurrentGCThread "G1 Conc#0" [stack: 0x000000e709500000,0x000000e709600000] [id=12796]
  0x000002887f758800 ConcurrentGCThread "G1 Refine#0" [stack: 0x000000e709600000,0x000000e709700000] [id=10516]
  0x000002887f759800 ConcurrentGCThread "G1 Young RemSet Sampling" [stack: 0x000000e709700000,0x000000e709800000] [id=5720]

Threads with active compile tasks:
C2 CompilerThread0 886627 8419   !   4       java.lang.reflect.Field::declaredAnnotations (82 bytes)

VM state:not at safepoint (normal execution)

VM Mutex/Monitor currently owned by a thread: None

Heap address: 0x0000000740000000, size: 3072 MB, Compressed Oops mode: Zero based, Oop shift amount: 3
Narrow klass base: 0x0000000800000000, Narrow klass shift: 0
Compressed class space size: 1073741824 Address: 0x0000000800000000

Heap:
 garbage-first heap   total 292864K, used 193297K [0x0000000740000000, 0x0000000800000000)
  region size 1024K, 157 young (160768K), 13 survivors (13312K)
 Metaspace       used 88585K, capacity 90893K, committed 91008K, reserved 1128448K
  class space    used 11217K, capacity 12143K, committed 12160K, reserved 1048576K
Heap Regions: E=young(eden), S=young(survivor), O=old, HS=humongous(starts), HC=humongous(continues), CS=collection set, F=free, A=archive, TAMS=top-at-mark-start (previous, next)
|   0|0x0000000740000000, 0x0000000740100000, 0x0000000740100000|100%| O|  |TAMS 0x0000000740100000, 0x0000000740000000| Untracked 
|   1|0x0000000740100000, 0x0000000740200000, 0x0000000740200000|100%|HS|  |TAMS 0x0000000740200000, 0x0000000740100000| Complete 
|   2|0x0000000740200000, 0x0000000740300000, 0x0000000740300000|100%| O|  |TAMS 0x0000000740300000, 0x0000000740200000| Untracked 
|   3|0x0000000740300000, 0x0000000740400000, 0x0000000740400000|100%| O|  |TAMS 0x0000000740400000, 0x0000000740300000| Untracked 
|   4|0x0000000740400000, 0x0000000740500000, 0x0000000740500000|100%| O|  |TAMS 0x0000000740500000, 0x0000000740400000| Untracked 
|   5|0x0000000740500000, 0x0000000740600000, 0x0000000740600000|100%| O|  |TAMS 0x0000000740600000, 0x0000000740500000| Untracked 
|   6|0x0000000740600000, 0x0000000740700000, 0x0000000740700000|100%| O|  |TAMS 0x0000000740700000, 0x0000000740600000| Untracked 
|   7|0x0000000740700000, 0x0000000740800000, 0x0000000740800000|100%| O|  |TAMS 0x0000000740800000, 0x0000000740700000| Untracked 
|   8|0x0000000740800000, 0x0000000740900000, 0x0000000740900000|100%| O|  |TAMS 0x0000000740900000, 0x0000000740800000| Untracked 
|   9|0x0000000740900000, 0x0000000740a00000, 0x0000000740a00000|100%| O|  |TAMS 0x0000000740a00000, 0x0000000740900000| Untracked 
|  10|0x0000000740a00000, 0x0000000740b00000, 0x0000000740b00000|100%| O|  |TAMS 0x0000000740b00000, 0x0000000740a00000| Untracked 
|  11|0x0000000740b00000, 0x0000000740c00000, 0x0000000740c00000|100%| O|  |TAMS 0x0000000740c00000, 0x0000000740b00000| Untracked 
|  12|0x0000000740c00000, 0x0000000740d00000, 0x0000000740d00000|100%| O|  |TAMS 0x0000000740d00000, 0x0000000740c00000| Untracked 
|  13|0x0000000740d00000, 0x0000000740e00000, 0x0000000740e00000|100%| O|  |TAMS 0x0000000740e00000, 0x0000000740d00000| Untracked 
|  14|0x0000000740e00000, 0x0000000740f00000, 0x0000000740f00000|100%| O|  |TAMS 0x0000000740f00000, 0x0000000740e00000| Untracked 
|  15|0x0000000740f00000, 0x0000000741000000, 0x0000000741000000|100%| O|  |TAMS 0x0000000741000000, 0x0000000740f00000| Untracked 
|  16|0x0000000741000000, 0x0000000741100000, 0x0000000741100000|100%| O|  |TAMS 0x0000000741100000, 0x0000000741000000| Untracked 
|  17|0x0000000741100000, 0x0000000741200000, 0x0000000741200000|100%| O|  |TAMS 0x0000000741200000, 0x0000000741100000| Untracked 
|  18|0x0000000741200000, 0x0000000741300000, 0x0000000741300000|100%| O|  |TAMS 0x0000000741300000, 0x0000000741200000| Untracked 
|  19|0x0000000741300000, 0x0000000741400000, 0x0000000741400000|100%| O|  |TAMS 0x0000000741400000, 0x0000000741300000| Untracked 
|  20|0x0000000741400000, 0x0000000741500000, 0x0000000741500000|100%| O|  |TAMS 0x0000000741500000, 0x0000000741400000| Untracked 
|  21|0x0000000741500000, 0x0000000741600000, 0x0000000741600000|100%| O|  |TAMS 0x0000000741552600, 0x0000000741500000| Untracked 
|  22|0x0000000741600000, 0x0000000741700000, 0x0000000741700000|100%| O|  |TAMS 0x0000000741600000, 0x0000000741600000| Untracked 
|  23|0x0000000741700000, 0x0000000741800000, 0x0000000741800000|100%| O|  |TAMS 0x0000000741700000, 0x0000000741700000| Untracked 
|  24|0x0000000741800000, 0x0000000741900000, 0x0000000741900000|100%| O|  |TAMS 0x0000000741800000, 0x0000000741800000| Untracked 
|  25|0x0000000741900000, 0x0000000741a00000, 0x0000000741a00000|100%| O|  |TAMS 0x0000000741900000, 0x0000000741900000| Untracked 
|  26|0x0000000741a00000, 0x0000000741b00000, 0x0000000741b00000|100%| O|  |TAMS 0x0000000741a00000, 0x0000000741a00000| Untracked 
|  27|0x0000000741b00000, 0x0000000741c00000, 0x0000000741c00000|100%| O|  |TAMS 0x0000000741b00000, 0x0000000741b00000| Untracked 
|  28|0x0000000741c00000, 0x0000000741d00000, 0x0000000741d00000|100%| O|  |TAMS 0x0000000741c00000, 0x0000000741c00000| Untracked 
|  29|0x0000000741d00000, 0x0000000741e00000, 0x0000000741e00000|100%| O|  |TAMS 0x0000000741d00000, 0x0000000741d00000| Untracked 
|  30|0x0000000741e00000, 0x0000000741f00000, 0x0000000741f00000|100%| O|  |TAMS 0x0000000741e00000, 0x0000000741e00000| Untracked 
|  31|0x0000000741f00000, 0x0000000742000000, 0x0000000742000000|100%| O|  |TAMS 0x0000000741f00000, 0x0000000741f00000| Untracked 
|  32|0x0000000742000000, 0x00000007420c4400, 0x0000000742100000| 76%| O|  |TAMS 0x0000000742000000, 0x0000000742000000| Untracked 
|  33|0x0000000742100000, 0x0000000742100000, 0x0000000742200000|  0%| F|  |TAMS 0x0000000742100000, 0x0000000742100000| Untracked 
|  34|0x0000000742200000, 0x0000000742200000, 0x0000000742300000|  0%| F|  |TAMS 0x0000000742200000, 0x0000000742200000| Untracked 
|  35|0x0000000742300000, 0x0000000742300000, 0x0000000742400000|  0%| F|  |TAMS 0x0000000742300000, 0x0000000742300000| Untracked 
|  36|0x0000000742400000, 0x0000000742400000, 0x0000000742500000|  0%| F|  |TAMS 0x0000000742400000, 0x0000000742400000| Untracked 
|  37|0x0000000742500000, 0x0000000742500000, 0x0000000742600000|  0%| F|  |TAMS 0x0000000742500000, 0x0000000742500000| Untracked 
|  38|0x0000000742600000, 0x0000000742600000, 0x0000000742700000|  0%| F|  |TAMS 0x0000000742600000, 0x0000000742600000| Untracked 
|  39|0x0000000742700000, 0x0000000742700000, 0x0000000742800000|  0%| F|  |TAMS 0x0000000742700000, 0x0000000742700000| Untracked 
|  40|0x0000000742800000, 0x0000000742800000, 0x0000000742900000|  0%| F|  |TAMS 0x0000000742800000, 0x0000000742800000| Untracked 
|  41|0x0000000742900000, 0x0000000742900000, 0x0000000742a00000|  0%| F|  |TAMS 0x0000000742900000, 0x0000000742900000| Untracked 
|  42|0x0000000742a00000, 0x0000000742a00000, 0x0000000742b00000|  0%| F|  |TAMS 0x0000000742a00000, 0x0000000742a00000| Untracked 
|  43|0x0000000742b00000, 0x0000000742b00000, 0x0000000742c00000|  0%| F|  |TAMS 0x0000000742b00000, 0x0000000742b00000| Untracked 
|  44|0x0000000742c00000, 0x0000000742c00000, 0x0000000742d00000|  0%| F|  |TAMS 0x0000000742c00000, 0x0000000742c00000| Untracked 
|  45|0x0000000742d00000, 0x0000000742d00000, 0x0000000742e00000|  0%| F|  |TAMS 0x0000000742d00000, 0x0000000742d00000| Untracked 
|  46|0x0000000742e00000, 0x0000000742e00000, 0x0000000742f00000|  0%| F|  |TAMS 0x0000000742e00000, 0x0000000742e00000| Untracked 
|  47|0x0000000742f00000, 0x0000000742f00000, 0x0000000743000000|  0%| F|  |TAMS 0x0000000742f00000, 0x0000000742f00000| Untracked 
|  48|0x0000000743000000, 0x0000000743000000, 0x0000000743100000|  0%| F|  |TAMS 0x0000000743000000, 0x0000000743000000| Untracked 
|  49|0x0000000743100000, 0x0000000743100000, 0x0000000743200000|  0%| F|  |TAMS 0x0000000743100000, 0x0000000743100000| Untracked 
|  50|0x0000000743200000, 0x0000000743200000, 0x0000000743300000|  0%| F|  |TAMS 0x0000000743200000, 0x0000000743200000| Untracked 
|  51|0x0000000743300000, 0x0000000743300000, 0x0000000743400000|  0%| F|  |TAMS 0x0000000743300000, 0x0000000743300000| Untracked 
|  52|0x0000000743400000, 0x0000000743400000, 0x0000000743500000|  0%| F|  |TAMS 0x0000000743400000, 0x0000000743400000| Untracked 
|  53|0x0000000743500000, 0x0000000743500000, 0x0000000743600000|  0%| F|  |TAMS 0x0000000743500000, 0x0000000743500000| Untracked 
|  54|0x0000000743600000, 0x0000000743600000, 0x0000000743700000|  0%| F|  |TAMS 0x0000000743600000, 0x0000000743600000| Untracked 
|  55|0x0000000743700000, 0x0000000743700000, 0x0000000743800000|  0%| F|  |TAMS 0x0000000743700000, 0x0000000743700000| Untracked 
|  56|0x0000000743800000, 0x0000000743800000, 0x0000000743900000|  0%| F|  |TAMS 0x0000000743800000, 0x0000000743800000| Untracked 
|  57|0x0000000743900000, 0x0000000743900000, 0x0000000743a00000|  0%| F|  |TAMS 0x0000000743900000, 0x0000000743900000| Untracked 
|  58|0x0000000743a00000, 0x0000000743a00000, 0x0000000743b00000|  0%| F|  |TAMS 0x0000000743a00000, 0x0000000743a00000| Untracked 
|  59|0x0000000743b00000, 0x0000000743b00000, 0x0000000743c00000|  0%| F|  |TAMS 0x0000000743b00000, 0x0000000743b00000| Untracked 
|  60|0x0000000743c00000, 0x0000000743c00000, 0x0000000743d00000|  0%| F|  |TAMS 0x0000000743c00000, 0x0000000743c00000| Untracked 
|  61|0x0000000743d00000, 0x0000000743d00000, 0x0000000743e00000|  0%| F|  |TAMS 0x0000000743d00000, 0x0000000743d00000| Untracked 
|  62|0x0000000743e00000, 0x0000000743e00000, 0x0000000743f00000|  0%| F|  |TAMS 0x0000000743e00000, 0x0000000743e00000| Untracked 
|  63|0x0000000743f00000, 0x0000000743f00000, 0x0000000744000000|  0%| F|  |TAMS 0x0000000743f00000, 0x0000000743f00000| Untracked 
|  64|0x0000000744000000, 0x0000000744000000, 0x0000000744100000|  0%| F|  |TAMS 0x0000000744000000, 0x0000000744000000| Untracked 
|  65|0x0000000744100000, 0x0000000744100000, 0x0000000744200000|  0%| F|  |TAMS 0x0000000744100000, 0x0000000744100000| Untracked 
|  66|0x0000000744200000, 0x0000000744200000, 0x0000000744300000|  0%| F|  |TAMS 0x0000000744200000, 0x0000000744200000| Untracked 
|  67|0x0000000744300000, 0x0000000744300000, 0x0000000744400000|  0%| F|  |TAMS 0x0000000744300000, 0x0000000744300000| Untracked 
|  68|0x0000000744400000, 0x0000000744400000, 0x0000000744500000|  0%| F|  |TAMS 0x0000000744400000, 0x0000000744400000| Untracked 
|  69|0x0000000744500000, 0x0000000744500000, 0x0000000744600000|  0%| F|  |TAMS 0x0000000744500000, 0x0000000744500000| Untracked 
|  70|0x0000000744600000, 0x0000000744600000, 0x0000000744700000|  0%| F|  |TAMS 0x0000000744600000, 0x0000000744600000| Untracked 
|  71|0x0000000744700000, 0x0000000744700000, 0x0000000744800000|  0%| F|  |TAMS 0x0000000744700000, 0x0000000744700000| Untracked 
|  72|0x0000000744800000, 0x0000000744800000, 0x0000000744900000|  0%| F|  |TAMS 0x0000000744800000, 0x0000000744800000| Untracked 
|  73|0x0000000744900000, 0x0000000744900000, 0x0000000744a00000|  0%| F|  |TAMS 0x0000000744900000, 0x0000000744900000| Untracked 
|  74|0x0000000744a00000, 0x0000000744a00000, 0x0000000744b00000|  0%| F|  |TAMS 0x0000000744a00000, 0x0000000744a00000| Untracked 
|  75|0x0000000744b00000, 0x0000000744b00000, 0x0000000744c00000|  0%| F|  |TAMS 0x0000000744b00000, 0x0000000744b00000| Untracked 
|  76|0x0000000744c00000, 0x0000000744c00000, 0x0000000744d00000|  0%| F|  |TAMS 0x0000000744c00000, 0x0000000744c00000| Untracked 
|  77|0x0000000744d00000, 0x0000000744d00000, 0x0000000744e00000|  0%| F|  |TAMS 0x0000000744d00000, 0x0000000744d00000| Untracked 
|  78|0x0000000744e00000, 0x0000000744e00000, 0x0000000744f00000|  0%| F|  |TAMS 0x0000000744e00000, 0x0000000744e00000| Untracked 
|  79|0x0000000744f00000, 0x0000000744f00000, 0x0000000745000000|  0%| F|  |TAMS 0x0000000744f00000, 0x0000000744f00000| Untracked 
|  80|0x0000000745000000, 0x0000000745000000, 0x0000000745100000|  0%| F|  |TAMS 0x0000000745000000, 0x0000000745000000| Untracked 
|  81|0x0000000745100000, 0x0000000745100000, 0x0000000745200000|  0%| F|  |TAMS 0x0000000745100000, 0x0000000745100000| Untracked 
|  82|0x0000000745200000, 0x0000000745200000, 0x0000000745300000|  0%| F|  |TAMS 0x0000000745200000, 0x0000000745200000| Untracked 
|  83|0x0000000745300000, 0x0000000745300000, 0x0000000745400000|  0%| F|  |TAMS 0x0000000745300000, 0x0000000745300000| Untracked 
|  84|0x0000000745400000, 0x0000000745400000, 0x0000000745500000|  0%| F|  |TAMS 0x0000000745400000, 0x0000000745400000| Untracked 
|  85|0x0000000745500000, 0x0000000745500000, 0x0000000745600000|  0%| F|  |TAMS 0x0000000745500000, 0x0000000745500000| Untracked 
|  86|0x0000000745600000, 0x0000000745600000, 0x0000000745700000|  0%| F|  |TAMS 0x0000000745600000, 0x0000000745600000| Untracked 
|  87|0x0000000745700000, 0x0000000745700000, 0x0000000745800000|  0%| F|  |TAMS 0x0000000745700000, 0x0000000745700000| Untracked 
|  88|0x0000000745800000, 0x0000000745800000, 0x0000000745900000|  0%| F|  |TAMS 0x0000000745800000, 0x0000000745800000| Untracked 
|  89|0x0000000745900000, 0x0000000745900000, 0x0000000745a00000|  0%| F|  |TAMS 0x0000000745900000, 0x0000000745900000| Untracked 
|  90|0x0000000745a00000, 0x0000000745a00000, 0x0000000745b00000|  0%| F|  |TAMS 0x0000000745a00000, 0x0000000745a00000| Untracked 
|  91|0x0000000745b00000, 0x0000000745b00000, 0x0000000745c00000|  0%| F|  |TAMS 0x0000000745b00000, 0x0000000745b00000| Untracked 
|  92|0x0000000745c00000, 0x0000000745c00000, 0x0000000745d00000|  0%| F|  |TAMS 0x0000000745c00000, 0x0000000745c00000| Untracked 
|  93|0x0000000745d00000, 0x0000000745d00000, 0x0000000745e00000|  0%| F|  |TAMS 0x0000000745d00000, 0x0000000745d00000| Untracked 
|  94|0x0000000745e00000, 0x0000000745e00000, 0x0000000745f00000|  0%| F|  |TAMS 0x0000000745e00000, 0x0000000745e00000| Untracked 
|  95|0x0000000745f00000, 0x0000000745f00000, 0x0000000746000000|  0%| F|  |TAMS 0x0000000745f00000, 0x0000000745f00000| Untracked 
|  96|0x0000000746000000, 0x0000000746000000, 0x0000000746100000|  0%| F|  |TAMS 0x0000000746000000, 0x0000000746000000| Untracked 
|  97|0x0000000746100000, 0x0000000746100000, 0x0000000746200000|  0%| F|  |TAMS 0x0000000746100000, 0x0000000746100000| Untracked 
|  98|0x0000000746200000, 0x0000000746200000, 0x0000000746300000|  0%| F|  |TAMS 0x0000000746200000, 0x0000000746200000| Untracked 
|  99|0x0000000746300000, 0x0000000746300000, 0x0000000746400000|  0%| F|  |TAMS 0x0000000746300000, 0x0000000746300000| Untracked 
| 100|0x0000000746400000, 0x0000000746400000, 0x0000000746500000|  0%| F|  |TAMS 0x0000000746400000, 0x0000000746400000| Untracked 
| 101|0x0000000746500000, 0x0000000746500000, 0x0000000746600000|  0%| F|  |TAMS 0x0000000746500000, 0x0000000746500000| Untracked 
| 102|0x0000000746600000, 0x0000000746600000, 0x0000000746700000|  0%| F|  |TAMS 0x0000000746600000, 0x0000000746600000| Untracked 
| 103|0x0000000746700000, 0x0000000746700000, 0x0000000746800000|  0%| F|  |TAMS 0x0000000746700000, 0x0000000746700000| Untracked 
| 104|0x0000000746800000, 0x0000000746800000, 0x0000000746900000|  0%| F|  |TAMS 0x0000000746800000, 0x0000000746800000| Untracked 
| 105|0x0000000746900000, 0x0000000746a00000, 0x0000000746a00000|100%| S|CS|TAMS 0x0000000746900000, 0x0000000746900000| Complete 
| 106|0x0000000746a00000, 0x0000000746b00000, 0x0000000746b00000|100%| S|CS|TAMS 0x0000000746a00000, 0x0000000746a00000| Complete 
| 107|0x0000000746b00000, 0x0000000746c00000, 0x0000000746c00000|100%| S|CS|TAMS 0x0000000746b00000, 0x0000000746b00000| Complete 
| 108|0x0000000746c00000, 0x0000000746d00000, 0x0000000746d00000|100%| S|CS|TAMS 0x0000000746c00000, 0x0000000746c00000| Complete 
| 109|0x0000000746d00000, 0x0000000746e00000, 0x0000000746e00000|100%| S|CS|TAMS 0x0000000746d00000, 0x0000000746d00000| Complete 
| 110|0x0000000746e00000, 0x0000000746f00000, 0x0000000746f00000|100%| S|CS|TAMS 0x0000000746e00000, 0x0000000746e00000| Complete 
| 111|0x0000000746f00000, 0x0000000747000000, 0x0000000747000000|100%| S|CS|TAMS 0x0000000746f00000, 0x0000000746f00000| Complete 
| 112|0x0000000747000000, 0x0000000747100000, 0x0000000747100000|100%| S|CS|TAMS 0x0000000747000000, 0x0000000747000000| Complete 
| 113|0x0000000747100000, 0x0000000747200000, 0x0000000747200000|100%| S|CS|TAMS 0x0000000747100000, 0x0000000747100000| Complete 
| 114|0x0000000747200000, 0x0000000747300000, 0x0000000747300000|100%| S|CS|TAMS 0x0000000747200000, 0x0000000747200000| Complete 
| 115|0x0000000747300000, 0x0000000747300000, 0x0000000747400000|  0%| F|  |TAMS 0x0000000747300000, 0x0000000747300000| Untracked 
| 116|0x0000000747400000, 0x0000000747400000, 0x0000000747500000|  0%| F|  |TAMS 0x0000000747400000, 0x0000000747400000| Untracked 
| 117|0x0000000747500000, 0x0000000747500000, 0x0000000747600000|  0%| F|  |TAMS 0x0000000747500000, 0x0000000747500000| Untracked 
| 118|0x0000000747600000, 0x0000000747600000, 0x0000000747700000|  0%| F|  |TAMS 0x0000000747600000, 0x0000000747600000| Untracked 
| 119|0x0000000747700000, 0x0000000747700000, 0x0000000747800000|  0%| F|  |TAMS 0x0000000747700000, 0x0000000747700000| Untracked 
| 120|0x0000000747800000, 0x0000000747800000, 0x0000000747900000|  0%| F|  |TAMS 0x0000000747800000, 0x0000000747800000| Untracked 
| 121|0x0000000747900000, 0x0000000747900000, 0x0000000747a00000|  0%| F|  |TAMS 0x0000000747900000, 0x0000000747900000| Untracked 
| 122|0x0000000747a00000, 0x0000000747a00000, 0x0000000747b00000|  0%| F|  |TAMS 0x0000000747a00000, 0x0000000747a00000| Untracked 
| 123|0x0000000747b00000, 0x0000000747b00000, 0x0000000747c00000|  0%| F|  |TAMS 0x0000000747b00000, 0x0000000747b00000| Untracked 
| 124|0x0000000747c00000, 0x0000000747c00000, 0x0000000747d00000|  0%| F|  |TAMS 0x0000000747c00000, 0x0000000747c00000| Untracked 
| 125|0x0000000747d00000, 0x0000000747d00000, 0x0000000747e00000|  0%| F|  |TAMS 0x0000000747d00000, 0x0000000747d00000| Untracked 
| 126|0x0000000747e00000, 0x0000000747e00000, 0x0000000747f00000|  0%| F|  |TAMS 0x0000000747e00000, 0x0000000747e00000| Untracked 
| 127|0x0000000747f00000, 0x0000000748000000, 0x0000000748000000|100%| S|CS|TAMS 0x0000000747f00000, 0x0000000747f00000| Complete 
| 128|0x0000000748000000, 0x0000000748100000, 0x0000000748100000|100%| S|CS|TAMS 0x0000000748000000, 0x0000000748000000| Complete 
| 129|0x0000000748100000, 0x0000000748200000, 0x0000000748200000|100%| S|CS|TAMS 0x0000000748100000, 0x0000000748100000| Complete 
| 130|0x0000000748200000, 0x0000000748200000, 0x0000000748300000|  0%| F|  |TAMS 0x0000000748200000, 0x0000000748200000| Untracked 
| 131|0x0000000748300000, 0x0000000748300000, 0x0000000748400000|  0%| F|  |TAMS 0x0000000748300000, 0x0000000748300000| Untracked 
| 132|0x0000000748400000, 0x0000000748400000, 0x0000000748500000|  0%| F|  |TAMS 0x0000000748400000, 0x0000000748400000| Untracked 
| 133|0x0000000748500000, 0x0000000748500000, 0x0000000748600000|  0%| F|  |TAMS 0x0000000748500000, 0x0000000748500000| Untracked 
| 134|0x0000000748600000, 0x0000000748600000, 0x0000000748700000|  0%| F|  |TAMS 0x0000000748600000, 0x0000000748600000| Untracked 
| 135|0x0000000748700000, 0x0000000748700000, 0x0000000748800000|  0%| F|  |TAMS 0x0000000748700000, 0x0000000748700000| Untracked 
| 136|0x0000000748800000, 0x0000000748800000, 0x0000000748900000|  0%| F|  |TAMS 0x0000000748800000, 0x0000000748800000| Untracked 
| 137|0x0000000748900000, 0x0000000748900000, 0x0000000748a00000|  0%| F|  |TAMS 0x0000000748900000, 0x0000000748900000| Untracked 
| 138|0x0000000748a00000, 0x0000000748a00000, 0x0000000748b00000|  0%| F|  |TAMS 0x0000000748a00000, 0x0000000748a00000| Untracked 
| 139|0x0000000748b00000, 0x0000000748b00000, 0x0000000748c00000|  0%| F|  |TAMS 0x0000000748b00000, 0x0000000748b00000| Untracked 
| 140|0x0000000748c00000, 0x0000000748c00000, 0x0000000748d00000|  0%| F|  |TAMS 0x0000000748c00000, 0x0000000748c00000| Untracked 
| 141|0x0000000748d00000, 0x0000000748d00000, 0x0000000748e00000|  0%| F|  |TAMS 0x0000000748d00000, 0x0000000748d00000| Untracked 
| 142|0x0000000748e00000, 0x0000000748e81258, 0x0000000748f00000| 50%| E|  |TAMS 0x0000000748e00000, 0x0000000748e00000| Complete 
| 143|0x0000000748f00000, 0x0000000749000000, 0x0000000749000000|100%| E|CS|TAMS 0x0000000748f00000, 0x0000000748f00000| Complete 
| 144|0x0000000749000000, 0x0000000749100000, 0x0000000749100000|100%| E|CS|TAMS 0x0000000749000000, 0x0000000749000000| Complete 
| 145|0x0000000749100000, 0x0000000749200000, 0x0000000749200000|100%| E|CS|TAMS 0x0000000749100000, 0x0000000749100000| Complete 
| 146|0x0000000749200000, 0x0000000749300000, 0x0000000749300000|100%| E|CS|TAMS 0x0000000749200000, 0x0000000749200000| Complete 
| 147|0x0000000749300000, 0x0000000749400000, 0x0000000749400000|100%| E|CS|TAMS 0x0000000749300000, 0x0000000749300000| Complete 
| 148|0x0000000749400000, 0x0000000749500000, 0x0000000749500000|100%| E|CS|TAMS 0x0000000749400000, 0x0000000749400000| Complete 
| 149|0x0000000749500000, 0x0000000749600000, 0x0000000749600000|100%| E|CS|TAMS 0x0000000749500000, 0x0000000749500000| Complete 
| 150|0x0000000749600000, 0x0000000749700000, 0x0000000749700000|100%| E|CS|TAMS 0x0000000749600000, 0x0000000749600000| Complete 
| 151|0x0000000749700000, 0x0000000749800000, 0x0000000749800000|100%| E|CS|TAMS 0x0000000749700000, 0x0000000749700000| Complete 
| 152|0x0000000749800000, 0x0000000749900000, 0x0000000749900000|100%| E|CS|TAMS 0x0000000749800000, 0x0000000749800000| Complete 
| 153|0x0000000749900000, 0x0000000749a00000, 0x0000000749a00000|100%| E|CS|TAMS 0x0000000749900000, 0x0000000749900000| Complete 
| 154|0x0000000749a00000, 0x0000000749b00000, 0x0000000749b00000|100%| E|CS|TAMS 0x0000000749a00000, 0x0000000749a00000| Complete 
| 155|0x0000000749b00000, 0x0000000749c00000, 0x0000000749c00000|100%| E|CS|TAMS 0x0000000749b00000, 0x0000000749b00000| Complete 
| 156|0x0000000749c00000, 0x0000000749d00000, 0x0000000749d00000|100%| E|CS|TAMS 0x0000000749c00000, 0x0000000749c00000| Complete 
| 157|0x0000000749d00000, 0x0000000749e00000, 0x0000000749e00000|100%| E|CS|TAMS 0x0000000749d00000, 0x0000000749d00000| Complete 
| 158|0x0000000749e00000, 0x0000000749f00000, 0x0000000749f00000|100%| E|CS|TAMS 0x0000000749e00000, 0x0000000749e00000| Complete 
| 159|0x0000000749f00000, 0x000000074a000000, 0x000000074a000000|100%| E|CS|TAMS 0x0000000749f00000, 0x0000000749f00000| Complete 
| 160|0x000000074a000000, 0x000000074a100000, 0x000000074a100000|100%| E|CS|TAMS 0x000000074a000000, 0x000000074a000000| Complete 
| 161|0x000000074a100000, 0x000000074a200000, 0x000000074a200000|100%| E|CS|TAMS 0x000000074a100000, 0x000000074a100000| Complete 
| 162|0x000000074a200000, 0x000000074a300000, 0x000000074a300000|100%| E|CS|TAMS 0x000000074a200000, 0x000000074a200000| Complete 
| 163|0x000000074a300000, 0x000000074a400000, 0x000000074a400000|100%| E|CS|TAMS 0x000000074a300000, 0x000000074a300000| Complete 
| 164|0x000000074a400000, 0x000000074a500000, 0x000000074a500000|100%| E|CS|TAMS 0x000000074a400000, 0x000000074a400000| Complete 
| 165|0x000000074a500000, 0x000000074a600000, 0x000000074a600000|100%| E|CS|TAMS 0x000000074a500000, 0x000000074a500000| Complete 
| 166|0x000000074a600000, 0x000000074a700000, 0x000000074a700000|100%| E|CS|TAMS 0x000000074a600000, 0x000000074a600000| Complete 
| 167|0x000000074a700000, 0x000000074a800000, 0x000000074a800000|100%| E|CS|TAMS 0x000000074a700000, 0x000000074a700000| Complete 
| 168|0x000000074a800000, 0x000000074a900000, 0x000000074a900000|100%| E|CS|TAMS 0x000000074a800000, 0x000000074a800000| Complete 
| 169|0x000000074a900000, 0x000000074aa00000, 0x000000074aa00000|100%| E|CS|TAMS 0x000000074a900000, 0x000000074a900000| Complete 
| 170|0x000000074aa00000, 0x000000074ab00000, 0x000000074ab00000|100%| E|CS|TAMS 0x000000074aa00000, 0x000000074aa00000| Complete 
| 171|0x000000074ab00000, 0x000000074ac00000, 0x000000074ac00000|100%| E|CS|TAMS 0x000000074ab00000, 0x000000074ab00000| Complete 
| 172|0x000000074ac00000, 0x000000074ad00000, 0x000000074ad00000|100%| E|CS|TAMS 0x000000074ac00000, 0x000000074ac00000| Complete 
| 173|0x000000074ad00000, 0x000000074ae00000, 0x000000074ae00000|100%| E|CS|TAMS 0x000000074ad00000, 0x000000074ad00000| Complete 
| 174|0x000000074ae00000, 0x000000074af00000, 0x000000074af00000|100%| E|CS|TAMS 0x000000074ae00000, 0x000000074ae00000| Complete 
| 175|0x000000074af00000, 0x000000074b000000, 0x000000074b000000|100%| E|CS|TAMS 0x000000074af00000, 0x000000074af00000| Complete 
| 176|0x000000074b000000, 0x000000074b100000, 0x000000074b100000|100%| E|CS|TAMS 0x000000074b000000, 0x000000074b000000| Complete 
| 177|0x000000074b100000, 0x000000074b200000, 0x000000074b200000|100%| E|CS|TAMS 0x000000074b100000, 0x000000074b100000| Complete 
| 178|0x000000074b200000, 0x000000074b300000, 0x000000074b300000|100%| E|CS|TAMS 0x000000074b200000, 0x000000074b200000| Complete 
| 179|0x000000074b300000, 0x000000074b400000, 0x000000074b400000|100%| E|CS|TAMS 0x000000074b300000, 0x000000074b300000| Complete 
| 180|0x000000074b400000, 0x000000074b500000, 0x000000074b500000|100%| E|CS|TAMS 0x000000074b400000, 0x000000074b400000| Complete 
| 181|0x000000074b500000, 0x000000074b600000, 0x000000074b600000|100%| E|CS|TAMS 0x000000074b500000, 0x000000074b500000| Complete 
| 182|0x000000074b600000, 0x000000074b700000, 0x000000074b700000|100%| E|CS|TAMS 0x000000074b600000, 0x000000074b600000| Complete 
| 183|0x000000074b700000, 0x000000074b800000, 0x000000074b800000|100%| E|CS|TAMS 0x000000074b700000, 0x000000074b700000| Complete 
| 184|0x000000074b800000, 0x000000074b900000, 0x000000074b900000|100%| E|CS|TAMS 0x000000074b800000, 0x000000074b800000| Complete 
| 185|0x000000074b900000, 0x000000074ba00000, 0x000000074ba00000|100%| E|CS|TAMS 0x000000074b900000, 0x000000074b900000| Complete 
| 186|0x000000074ba00000, 0x000000074bb00000, 0x000000074bb00000|100%| E|CS|TAMS 0x000000074ba00000, 0x000000074ba00000| Complete 
| 187|0x000000074bb00000, 0x000000074bc00000, 0x000000074bc00000|100%| E|CS|TAMS 0x000000074bb00000, 0x000000074bb00000| Complete 
| 188|0x000000074bc00000, 0x000000074bd00000, 0x000000074bd00000|100%| E|CS|TAMS 0x000000074bc00000, 0x000000074bc00000| Complete 
| 189|0x000000074bd00000, 0x000000074be00000, 0x000000074be00000|100%| E|CS|TAMS 0x000000074bd00000, 0x000000074bd00000| Complete 
| 190|0x000000074be00000, 0x000000074bf00000, 0x000000074bf00000|100%| E|CS|TAMS 0x000000074be00000, 0x000000074be00000| Complete 
| 191|0x000000074bf00000, 0x000000074c000000, 0x000000074c000000|100%| E|CS|TAMS 0x000000074bf00000, 0x000000074bf00000| Complete 
| 192|0x000000074c000000, 0x000000074c100000, 0x000000074c100000|100%| E|CS|TAMS 0x000000074c000000, 0x000000074c000000| Complete 
| 193|0x000000074c100000, 0x000000074c200000, 0x000000074c200000|100%| E|CS|TAMS 0x000000074c100000, 0x000000074c100000| Complete 
| 194|0x000000074c200000, 0x000000074c300000, 0x000000074c300000|100%| E|CS|TAMS 0x000000074c200000, 0x000000074c200000| Complete 
| 195|0x000000074c300000, 0x000000074c400000, 0x000000074c400000|100%| E|CS|TAMS 0x000000074c300000, 0x000000074c300000| Complete 
| 196|0x000000074c400000, 0x000000074c500000, 0x000000074c500000|100%| E|CS|TAMS 0x000000074c400000, 0x000000074c400000| Complete 
| 197|0x000000074c500000, 0x000000074c600000, 0x000000074c600000|100%| E|CS|TAMS 0x000000074c500000, 0x000000074c500000| Complete 
| 198|0x000000074c600000, 0x000000074c700000, 0x000000074c700000|100%| E|CS|TAMS 0x000000074c600000, 0x000000074c600000| Complete 
| 199|0x000000074c700000, 0x000000074c800000, 0x000000074c800000|100%| E|CS|TAMS 0x000000074c700000, 0x000000074c700000| Complete 
| 200|0x000000074c800000, 0x000000074c900000, 0x000000074c900000|100%| E|CS|TAMS 0x000000074c800000, 0x000000074c800000| Complete 
| 201|0x000000074c900000, 0x000000074ca00000, 0x000000074ca00000|100%| E|CS|TAMS 0x000000074c900000, 0x000000074c900000| Complete 
| 202|0x000000074ca00000, 0x000000074cb00000, 0x000000074cb00000|100%| E|CS|TAMS 0x000000074ca00000, 0x000000074ca00000| Complete 
| 203|0x000000074cb00000, 0x000000074cc00000, 0x000000074cc00000|100%| E|CS|TAMS 0x000000074cb00000, 0x000000074cb00000| Complete 
| 204|0x000000074cc00000, 0x000000074cd00000, 0x000000074cd00000|100%| E|CS|TAMS 0x000000074cc00000, 0x000000074cc00000| Complete 
| 205|0x000000074cd00000, 0x000000074ce00000, 0x000000074ce00000|100%| E|CS|TAMS 0x000000074cd00000, 0x000000074cd00000| Complete 
| 206|0x000000074ce00000, 0x000000074cf00000, 0x000000074cf00000|100%| E|CS|TAMS 0x000000074ce00000, 0x000000074ce00000| Complete 
| 207|0x000000074cf00000, 0x000000074d000000, 0x000000074d000000|100%| E|CS|TAMS 0x000000074cf00000, 0x000000074cf00000| Complete 
| 208|0x000000074d000000, 0x000000074d100000, 0x000000074d100000|100%| E|CS|TAMS 0x000000074d000000, 0x000000074d000000| Complete 
| 209|0x000000074d100000, 0x000000074d200000, 0x000000074d200000|100%| E|CS|TAMS 0x000000074d100000, 0x000000074d100000| Complete 
| 210|0x000000074d200000, 0x000000074d300000, 0x000000074d300000|100%| E|CS|TAMS 0x000000074d200000, 0x000000074d200000| Complete 
| 211|0x000000074d300000, 0x000000074d400000, 0x000000074d400000|100%| E|CS|TAMS 0x000000074d300000, 0x000000074d300000| Complete 
| 212|0x000000074d400000, 0x000000074d500000, 0x000000074d500000|100%| E|CS|TAMS 0x000000074d400000, 0x000000074d400000| Complete 
| 213|0x000000074d500000, 0x000000074d600000, 0x000000074d600000|100%| E|CS|TAMS 0x000000074d500000, 0x000000074d500000| Complete 
| 214|0x000000074d600000, 0x000000074d700000, 0x000000074d700000|100%| E|CS|TAMS 0x000000074d600000, 0x000000074d600000| Complete 
| 215|0x000000074d700000, 0x000000074d800000, 0x000000074d800000|100%| E|CS|TAMS 0x000000074d700000, 0x000000074d700000| Complete 
| 216|0x000000074d800000, 0x000000074d900000, 0x000000074d900000|100%| E|CS|TAMS 0x000000074d800000, 0x000000074d800000| Complete 
| 217|0x000000074d900000, 0x000000074da00000, 0x000000074da00000|100%| E|CS|TAMS 0x000000074d900000, 0x000000074d900000| Complete 
| 218|0x000000074da00000, 0x000000074db00000, 0x000000074db00000|100%| E|CS|TAMS 0x000000074da00000, 0x000000074da00000| Complete 
| 219|0x000000074db00000, 0x000000074dc00000, 0x000000074dc00000|100%| E|CS|TAMS 0x000000074db00000, 0x000000074db00000| Complete 
| 220|0x000000074dc00000, 0x000000074dd00000, 0x000000074dd00000|100%| E|CS|TAMS 0x000000074dc00000, 0x000000074dc00000| Complete 
| 221|0x000000074dd00000, 0x000000074de00000, 0x000000074de00000|100%| E|CS|TAMS 0x000000074dd00000, 0x000000074dd00000| Complete 
| 222|0x000000074de00000, 0x000000074df00000, 0x000000074df00000|100%| E|CS|TAMS 0x000000074de00000, 0x000000074de00000| Complete 
| 223|0x000000074df00000, 0x000000074e000000, 0x000000074e000000|100%| E|CS|TAMS 0x000000074df00000, 0x000000074df00000| Complete 
| 224|0x000000074e000000, 0x000000074e100000, 0x000000074e100000|100%| E|CS|TAMS 0x000000074e000000, 0x000000074e000000| Complete 
| 225|0x000000074e100000, 0x000000074e200000, 0x000000074e200000|100%| E|CS|TAMS 0x000000074e100000, 0x000000074e100000| Complete 
| 226|0x000000074e200000, 0x000000074e300000, 0x000000074e300000|100%| E|CS|TAMS 0x000000074e200000, 0x000000074e200000| Complete 
| 227|0x000000074e300000, 0x000000074e400000, 0x000000074e400000|100%| E|CS|TAMS 0x000000074e300000, 0x000000074e300000| Complete 
| 228|0x000000074e400000, 0x000000074e500000, 0x000000074e500000|100%| E|CS|TAMS 0x000000074e400000, 0x000000074e400000| Complete 
| 229|0x000000074e500000, 0x000000074e600000, 0x000000074e600000|100%| E|CS|TAMS 0x000000074e500000, 0x000000074e500000| Complete 
| 230|0x000000074e600000, 0x000000074e700000, 0x000000074e700000|100%| E|CS|TAMS 0x000000074e600000, 0x000000074e600000| Complete 
| 231|0x000000074e700000, 0x000000074e800000, 0x000000074e800000|100%| E|CS|TAMS 0x000000074e700000, 0x000000074e700000| Complete 
| 232|0x000000074e800000, 0x000000074e900000, 0x000000074e900000|100%| E|CS|TAMS 0x000000074e800000, 0x000000074e800000| Complete 
| 233|0x000000074e900000, 0x000000074ea00000, 0x000000074ea00000|100%| E|CS|TAMS 0x000000074e900000, 0x000000074e900000| Complete 
| 234|0x000000074ea00000, 0x000000074eb00000, 0x000000074eb00000|100%| E|CS|TAMS 0x000000074ea00000, 0x000000074ea00000| Complete 
| 235|0x000000074eb00000, 0x000000074ec00000, 0x000000074ec00000|100%| E|CS|TAMS 0x000000074eb00000, 0x000000074eb00000| Complete 
| 236|0x000000074ec00000, 0x000000074ed00000, 0x000000074ed00000|100%| E|CS|TAMS 0x000000074ec00000, 0x000000074ec00000| Complete 
| 237|0x000000074ed00000, 0x000000074ee00000, 0x000000074ee00000|100%| E|CS|TAMS 0x000000074ed00000, 0x000000074ed00000| Complete 
| 238|0x000000074ee00000, 0x000000074ef00000, 0x000000074ef00000|100%| E|CS|TAMS 0x000000074ee00000, 0x000000074ee00000| Complete 
| 239|0x000000074ef00000, 0x000000074f000000, 0x000000074f000000|100%| E|CS|TAMS 0x000000074ef00000, 0x000000074ef00000| Complete 
| 240|0x000000074f000000, 0x000000074f100000, 0x000000074f100000|100%| E|CS|TAMS 0x000000074f000000, 0x000000074f000000| Complete 
| 241|0x000000074f100000, 0x000000074f200000, 0x000000074f200000|100%| E|CS|TAMS 0x000000074f100000, 0x000000074f100000| Complete 
| 242|0x000000074f200000, 0x000000074f300000, 0x000000074f300000|100%| E|CS|TAMS 0x000000074f200000, 0x000000074f200000| Complete 
| 243|0x000000074f300000, 0x000000074f400000, 0x000000074f400000|100%| E|CS|TAMS 0x000000074f300000, 0x000000074f300000| Complete 
| 244|0x000000074f400000, 0x000000074f500000, 0x000000074f500000|100%| E|CS|TAMS 0x000000074f400000, 0x000000074f400000| Complete 
| 245|0x000000074f500000, 0x000000074f600000, 0x000000074f600000|100%| E|CS|TAMS 0x000000074f500000, 0x000000074f500000| Complete 
| 246|0x000000074f600000, 0x000000074f700000, 0x000000074f700000|100%| E|CS|TAMS 0x000000074f600000, 0x000000074f600000| Complete 
| 247|0x000000074f700000, 0x000000074f800000, 0x000000074f800000|100%| E|CS|TAMS 0x000000074f700000, 0x000000074f700000| Complete 
| 248|0x000000074f800000, 0x000000074f900000, 0x000000074f900000|100%| E|CS|TAMS 0x000000074f800000, 0x000000074f800000| Complete 
| 249|0x000000074f900000, 0x000000074fa00000, 0x000000074fa00000|100%| E|CS|TAMS 0x000000074f900000, 0x000000074f900000| Complete 
| 250|0x000000074fa00000, 0x000000074fb00000, 0x000000074fb00000|100%| E|CS|TAMS 0x000000074fa00000, 0x000000074fa00000| Complete 
| 251|0x000000074fb00000, 0x000000074fc00000, 0x000000074fc00000|100%| E|CS|TAMS 0x000000074fb00000, 0x000000074fb00000| Complete 
| 252|0x000000074fc00000, 0x000000074fd00000, 0x000000074fd00000|100%| E|CS|TAMS 0x000000074fc00000, 0x000000074fc00000| Complete 
| 253|0x000000074fd00000, 0x000000074fe00000, 0x000000074fe00000|100%| E|CS|TAMS 0x000000074fd00000, 0x000000074fd00000| Complete 
| 254|0x000000074fe00000, 0x000000074ff00000, 0x000000074ff00000|100%| E|CS|TAMS 0x000000074fe00000, 0x000000074fe00000| Complete 
| 255|0x000000074ff00000, 0x0000000750000000, 0x0000000750000000|100%| E|CS|TAMS 0x000000074ff00000, 0x000000074ff00000| Complete 
| 256|0x0000000750000000, 0x0000000750100000, 0x0000000750100000|100%| E|CS|TAMS 0x0000000750000000, 0x0000000750000000| Complete 
| 257|0x0000000750100000, 0x0000000750200000, 0x0000000750200000|100%| E|CS|TAMS 0x0000000750100000, 0x0000000750100000| Complete 
| 258|0x0000000750200000, 0x0000000750300000, 0x0000000750300000|100%| E|CS|TAMS 0x0000000750200000, 0x0000000750200000| Complete 
| 259|0x0000000750300000, 0x0000000750400000, 0x0000000750400000|100%| E|CS|TAMS 0x0000000750300000, 0x0000000750300000| Complete 
| 260|0x0000000750400000, 0x0000000750500000, 0x0000000750500000|100%| E|CS|TAMS 0x0000000750400000, 0x0000000750400000| Complete 
| 261|0x0000000750500000, 0x0000000750600000, 0x0000000750600000|100%| E|CS|TAMS 0x0000000750500000, 0x0000000750500000| Complete 
| 262|0x0000000750600000, 0x0000000750700000, 0x0000000750700000|100%| E|CS|TAMS 0x0000000750600000, 0x0000000750600000| Complete 
| 263|0x0000000750700000, 0x0000000750800000, 0x0000000750800000|100%| E|CS|TAMS 0x0000000750700000, 0x0000000750700000| Complete 
| 264|0x0000000750800000, 0x0000000750900000, 0x0000000750900000|100%| E|CS|TAMS 0x0000000750800000, 0x0000000750800000| Complete 
| 265|0x0000000750900000, 0x0000000750a00000, 0x0000000750a00000|100%| E|CS|TAMS 0x0000000750900000, 0x0000000750900000| Complete 
| 266|0x0000000750a00000, 0x0000000750b00000, 0x0000000750b00000|100%| E|CS|TAMS 0x0000000750a00000, 0x0000000750a00000| Complete 
| 267|0x0000000750b00000, 0x0000000750c00000, 0x0000000750c00000|100%| E|CS|TAMS 0x0000000750b00000, 0x0000000750b00000| Complete 
| 268|0x0000000750c00000, 0x0000000750d00000, 0x0000000750d00000|100%| E|CS|TAMS 0x0000000750c00000, 0x0000000750c00000| Complete 
| 269|0x0000000750d00000, 0x0000000750e00000, 0x0000000750e00000|100%| E|CS|TAMS 0x0000000750d00000, 0x0000000750d00000| Complete 
| 270|0x0000000750e00000, 0x0000000750f00000, 0x0000000750f00000|100%| E|CS|TAMS 0x0000000750e00000, 0x0000000750e00000| Complete 
| 271|0x0000000750f00000, 0x0000000751000000, 0x0000000751000000|100%| E|CS|TAMS 0x0000000750f00000, 0x0000000750f00000| Complete 
| 272|0x0000000751000000, 0x0000000751100000, 0x0000000751100000|100%| E|CS|TAMS 0x0000000751000000, 0x0000000751000000| Complete 
| 273|0x0000000751100000, 0x0000000751200000, 0x0000000751200000|100%| E|CS|TAMS 0x0000000751100000, 0x0000000751100000| Complete 
| 274|0x0000000751200000, 0x0000000751300000, 0x0000000751300000|100%| E|CS|TAMS 0x0000000751200000, 0x0000000751200000| Complete 
| 275|0x0000000751300000, 0x0000000751400000, 0x0000000751400000|100%| E|CS|TAMS 0x0000000751300000, 0x0000000751300000| Complete 
| 276|0x0000000751400000, 0x0000000751500000, 0x0000000751500000|100%| E|CS|TAMS 0x0000000751400000, 0x0000000751400000| Complete 
| 277|0x0000000751500000, 0x0000000751600000, 0x0000000751600000|100%| E|CS|TAMS 0x0000000751500000, 0x0000000751500000| Complete 
| 278|0x0000000751600000, 0x0000000751700000, 0x0000000751700000|100%| E|CS|TAMS 0x0000000751600000, 0x0000000751600000| Complete 
| 279|0x0000000751700000, 0x0000000751800000, 0x0000000751800000|100%| E|CS|TAMS 0x0000000751700000, 0x0000000751700000| Complete 
| 280|0x0000000751800000, 0x0000000751900000, 0x0000000751900000|100%| E|CS|TAMS 0x0000000751800000, 0x0000000751800000| Complete 
| 281|0x0000000751900000, 0x0000000751a00000, 0x0000000751a00000|100%| E|CS|TAMS 0x0000000751900000, 0x0000000751900000| Complete 
| 282|0x0000000751a00000, 0x0000000751b00000, 0x0000000751b00000|100%| E|CS|TAMS 0x0000000751a00000, 0x0000000751a00000| Complete 
| 283|0x0000000751b00000, 0x0000000751c00000, 0x0000000751c00000|100%| E|CS|TAMS 0x0000000751b00000, 0x0000000751b00000| Complete 
| 284|0x0000000751c00000, 0x0000000751d00000, 0x0000000751d00000|100%| E|CS|TAMS 0x0000000751c00000, 0x0000000751c00000| Complete 
| 285|0x0000000751d00000, 0x0000000751e00000, 0x0000000751e00000|100%| E|CS|TAMS 0x0000000751d00000, 0x0000000751d00000| Complete 

Card table byte_map: [0x0000028879aa0000,0x000002887a0a0000] _byte_map_base: 0x00000288760a0000

Marking Bits (Prev, Next): (CMBitMap*) 0x0000028860bde840, (CMBitMap*) 0x0000028860bde808
 Prev Bits: [0x0000028800000000, 0x0000028803000000)
 Next Bits: [0x000002887a6a0000, 0x000002887d6a0000)

Polling page: 0x0000028860de0000

Metaspace:

Usage:
  Non-class:     76.90 MB capacity,    75.55 MB ( 98%) used,     1.05 MB (  1%) free+waste,   303.56 KB ( <1%) overhead. 
      Class:     11.86 MB capacity,    10.95 MB ( 92%) used,   782.09 KB (  6%) free+waste,   143.25 KB (  1%) overhead. 
       Both:     88.76 MB capacity,    86.51 MB ( 97%) used,     1.82 MB (  2%) free+waste,   446.81 KB ( <1%) overhead. 

Virtual space:
  Non-class space:       78.00 MB reserved,      77.00 MB ( 99%) committed 
      Class space:        1.00 GB reserved,      11.88 MB (  1%) committed 
             Both:        1.08 GB reserved,      88.88 MB (  8%) committed 

Chunk freelists:
   Non-Class:  4.25 KB
       Class:  0 bytes
        Both:  4.25 KB

CodeHeap 'non-profiled nmethods': size=120064Kb used=7322Kb max_used=7322Kb free=112741Kb
 bounds [0x0000028871f60000, 0x0000028872690000, 0x00000288794a0000]
CodeHeap 'profiled nmethods': size=120000Kb used=19692Kb max_used=19692Kb free=100307Kb
 bounds [0x000002886aa30000, 0x000002886bd70000, 0x0000028871f60000]
CodeHeap 'non-nmethods': size=5696Kb used=1384Kb max_used=1444Kb free=4311Kb
 bounds [0x000002886a4a0000, 0x000002886a710000, 0x000002886aa30000]
 total_blobs=8948 nmethods=8282 adapters=584
 compilation: enabled
              stopped_count=0, restarted_count=0
 full_count=0

Compilation events (10 events):
Event: 886.520 Thread 0x000002887f98f000 8501       2       com.fasterxml.jackson.databind.introspect.JacksonAnnotationIntrospector::findUnwrappingNameTransformer (48 bytes)
Event: 886.520 Thread 0x000002887f98f000 nmethod 8501 0x000002886bd68b90 code [0x000002886bd68d80, 0x000002886bd690a8]
Event: 886.520 Thread 0x000002887f98f000 8502       2       com.fasterxml.jackson.databind.deser.std.StdDeserializer::_findNullProvider (192 bytes)
Event: 886.521 Thread 0x000002887f98f000 nmethod 8502 0x000002886bd69310 code [0x000002886bd69600, 0x000002886bd6a1f8]
Event: 886.524 Thread 0x000002887f98f000 8503       2       org.apache.http.impl.io.SessionInputBufferImpl::isBound (13 bytes)
Event: 886.524 Thread 0x000002887f98f000 nmethod 8503 0x000002886bd6a910 code [0x000002886bd6aaa0, 0x000002886bd6abb8]
Event: 886.524 Thread 0x000002887f98f000 8504       2       org.apache.http.impl.BHttpConnectionBase::ensureOpen (68 bytes)
Event: 886.524 Thread 0x000002887f98f000 nmethod 8504 0x000002886bd6ac90 code [0x000002886bd6ae60, 0x000002886bd6b248]
Event: 886.526 Thread 0x000002887f98f000 8505       1       org.apache.http.conn.routing.HttpRoute::getTargetHost (5 bytes)
Event: 886.526 Thread 0x000002887f98f000 nmethod 8505 0x0000028872686890 code [0x0000028872686a20, 0x0000028872686ad8]

GC Heap History (10 events):
Event: 22.650 GC heap before
{Heap before GC invocations=14 (full 0):
 garbage-first heap   total 243712K, used 162304K [0x0000000740000000, 0x0000000800000000)
  region size 1024K, 142 young (145408K), 12 survivors (12288K)
 Metaspace       used 54999K, capacity 56622K, committed 56704K, reserved 1099776K
  class space    used 6599K, capacity 7235K, committed 7296K, reserved 1048576K
}
Event: 22.681 GC heap after
{Heap after GC invocations=15 (full 0):
 garbage-first heap   total 292864K, used 32073K [0x0000000740000000, 0x0000000800000000)
  region size 1024K, 10 young (10240K), 10 survivors (10240K)
 Metaspace       used 54999K, capacity 56622K, committed 56704K, reserved 1099776K
  class space    used 6599K, capacity 7235K, committed 7296K, reserved 1048576K
}
Event: 26.496 GC heap before
{Heap before GC invocations=15 (full 0):
 garbage-first heap   total 292864K, used 160073K [0x0000000740000000, 0x0000000800000000)
  region size 1024K, 136 young (139264K), 10 survivors (10240K)
 Metaspace       used 58265K, capacity 59922K, committed 60160K, reserved 1101824K
  class space    used 7021K, capacity 7670K, committed 7680K, reserved 1048576K
}
Event: 26.524 GC heap after
{Heap after GC invocations=16 (full 0):
 garbage-first heap   total 292864K, used 34121K [0x0000000740000000, 0x0000000800000000)
  region size 1024K, 12 young (12288K), 12 survivors (12288K)
 Metaspace       used 58265K, capacity 59922K, committed 60160K, reserved 1101824K
  class space    used 7021K, capacity 7670K, committed 7680K, reserved 1048576K
}
Event: 38.005 GC heap before
{Heap before GC invocations=17 (full 0):
 garbage-first heap   total 292864K, used 196937K [0x0000000740000000, 0x0000000800000000)
  region size 1024K, 171 young (175104K), 12 survivors (12288K)
 Metaspace       used 76142K, capacity 77979K, committed 78208K, reserved 1118208K
  class space    used 9600K, capacity 10332K, committed 10368K, reserved 1048576K
}
Event: 38.040 GC heap after
{Heap after GC invocations=18 (full 0):
 garbage-first heap   total 292864K, used 37945K [0x0000000740000000, 0x0000000800000000)
  region size 1024K, 12 young (12288K), 12 survivors (12288K)
 Metaspace       used 76142K, capacity 77979K, committed 78208K, reserved 1118208K
  class space    used 9600K, capacity 10332K, committed 10368K, reserved 1048576K
}
Event: 40.519 GC heap before
{Heap before GC invocations=18 (full 0):
 garbage-first heap   total 292864K, used 200761K [0x0000000740000000, 0x0000000800000000)
  region size 1024K, 171 young (175104K), 12 survivors (12288K)
 Metaspace       used 80951K, capacity 82986K, committed 83072K, reserved 1122304K
  class space    used 10234K, capacity 11059K, committed 11136K, reserved 1048576K
}
Event: 40.559 GC heap after
{Heap after GC invocations=19 (full 0):
 garbage-first heap   total 292864K, used 43851K [0x0000000740000000, 0x0000000800000000)
  region size 1024K, 15 young (15360K), 15 survivors (15360K)
 Metaspace       used 80951K, capacity 82986K, committed 83072K, reserved 1122304K
  class space    used 10234K, capacity 11059K, committed 11136K, reserved 1048576K
}
Event: 42.612 GC heap before
{Heap before GC invocations=19 (full 0):
 garbage-first heap   total 292864K, used 203595K [0x0000000740000000, 0x0000000800000000)
  region size 1024K, 171 young (175104K), 15 survivors (15360K)
 Metaspace       used 82728K, capacity 84942K, committed 85120K, reserved 1122304K
  class space    used 10486K, capacity 11349K, committed 11392K, reserved 1048576K
}
Event: 42.656 GC heap after
{Heap after GC invocations=20 (full 0):
 garbage-first heap   total 292864K, used 46865K [0x0000000740000000, 0x0000000800000000)
  region size 1024K, 13 young (13312K), 13 survivors (13312K)
 Metaspace       used 82728K, capacity 84942K, committed 85120K, reserved 1122304K
  class space    used 10486K, capacity 11349K, committed 11392K, reserved 1048576K
}

Deoptimization events (10 events):
Event: 44.365 Thread 0x0000028862e97000 Uncommon trap: reason=bimorphic_or_optimized_type_check action=maybe_recompile pc=0x00000288722e512c method=java.util.zip.InflaterInputStream.read([BII)I @ 100 c2
Event: 44.369 Thread 0x0000028862e97000 Uncommon trap: reason=bimorphic_or_optimized_type_check action=maybe_recompile pc=0x00000288722e512c method=java.util.zip.InflaterInputStream.read([BII)I @ 100 c2
Event: 44.428 Thread 0x0000028862e97000 Uncommon trap: reason=unstable_if action=reinterpret pc=0x000002887221f898 method=org.springframework.core.ResolvableType.as(Ljava/lang/Class;)Lorg/springframework/core/ResolvableType; @ 17 c2
Event: 46.858 Thread 0x0000028804308000 Uncommon trap: reason=unstable_if action=reinterpret pc=0x0000028872656c14 method=java.util.concurrent.locks.ReentrantLock$Sync.nonfairTryAcquire(I)Z @ 34 c2
Event: 74.829 Thread 0x000002887fbf1000 Uncommon trap: reason=bimorphic_or_optimized_type_check action=maybe_recompile pc=0x00000288722e512c method=java.util.zip.InflaterInputStream.read([BII)I @ 100 c2
Event: 74.830 Thread 0x000002887fbf1000 Uncommon trap: reason=bimorphic_or_optimized_type_check action=maybe_recompile pc=0x00000288722e512c method=java.util.zip.InflaterInputStream.read([BII)I @ 100 c2
Event: 402.853 Thread 0x0000028804308000 Uncommon trap: reason=unstable_if action=reinterpret pc=0x0000028872657074 method=java.util.concurrent.locks.ReentrantLock$Sync.nonfairTryAcquire(I)Z @ 19 c2
Event: 766.158 Thread 0x00000288079d6000 Uncommon trap: reason=unstable_if action=reinterpret pc=0x000002887262c900 method=java.util.concurrent.ConcurrentHashMap.addCount(JI)V @ 34 c2
Event: 766.178 Thread 0x00000288079d5000 Uncommon trap: reason=unstable_if action=reinterpret pc=0x00000288720263dc method=java.util.concurrent.ConcurrentHashMap.addCount(JI)V @ 7 c2
Event: 795.114 Thread 0x00000288079d7800 Uncommon trap: reason=unstable_if action=reinterpret pc=0x00000288722233e0 method=java.util.concurrent.ConcurrentHashMap.sumCount()J @ 11 c2

Classes redefined (0 events):
No events

Internal exceptions (10 events):
Event: 736.141 Thread 0x000002887fbf1000 Exception <a 'java/net/SocketTimeoutException'{0x0000000748f22dd0}: Read timed out> (0x0000000748f22dd0) thrown at [./open/src/hotspot/share/prims/jni.cpp, line 632]
Event: 766.172 Thread 0x000002887fbf5000 Exception <a 'java/net/SocketTimeoutException'{0x00000007490c3078}: Read timed out> (0x00000007490c3078) thrown at [./open/src/hotspot/share/prims/jni.cpp, line 632]
Event: 766.172 Thread 0x000002887fbf1000 Exception <a 'java/net/SocketTimeoutException'{0x0000000748f2cd08}: Read timed out> (0x0000000748f2cd08) thrown at [./open/src/hotspot/share/prims/jni.cpp, line 632]
Event: 796.208 Thread 0x000002887fbf5000 Exception <a 'java/net/SocketTimeoutException'{0x00000007490cab18}: Read timed out> (0x00000007490cab18) thrown at [./open/src/hotspot/share/prims/jni.cpp, line 632]
Event: 796.208 Thread 0x000002887fbf1000 Exception <a 'java/net/SocketTimeoutException'{0x0000000748f36c40}: Read timed out> (0x0000000748f36c40) thrown at [./open/src/hotspot/share/prims/jni.cpp, line 632]
Event: 826.239 Thread 0x000002887fbf1000 Exception <a 'java/net/SocketTimeoutException'{0x0000000748f40b78}: Read timed out> (0x0000000748f40b78) thrown at [./open/src/hotspot/share/prims/jni.cpp, line 632]
Event: 826.239 Thread 0x000002887fbf5000 Exception <a 'java/net/SocketTimeoutException'{0x00000007490d25b8}: Read timed out> (0x00000007490d25b8) thrown at [./open/src/hotspot/share/prims/jni.cpp, line 632]
Event: 856.267 Thread 0x000002887fbf5000 Exception <a 'java/net/SocketTimeoutException'{0x00000007490da058}: Read timed out> (0x00000007490da058) thrown at [./open/src/hotspot/share/prims/jni.cpp, line 632]
Event: 856.267 Thread 0x000002887fbf1000 Exception <a 'java/net/SocketTimeoutException'{0x0000000748f4aab0}: Read timed out> (0x0000000748f4aab0) thrown at [./open/src/hotspot/share/prims/jni.cpp, line 632]
Event: 886.470 Thread 0x000002887fbf1000 Exception <a 'java/net/SocketTimeoutException'{0x0000000748f549e8}: Read timed out> (0x0000000748f549e8) thrown at [./open/src/hotspot/share/prims/jni.cpp, line 632]

Events (10 events):
Event: 886.484 loading class com/fasterxml/jackson/datatype/joda/JodaModule
Event: 886.484 loading class com/fasterxml/jackson/datatype/joda/JodaModule done
Event: 886.485 Thread 0x000002887fbf5000 DEOPT PACKING pc=0x0000028872127854 sp=0x000000e7090fe270
Event: 886.485 Thread 0x000002887fbf5000 DEOPT UNPACKING pc=0x000002886a4dc98e sp=0x000000e7090fd6e8 mode 1
Event: 886.485 Thread 0x000002887fbf5000 DEOPT PACKING pc=0x000002886aea4624 sp=0x000000e7090fe2b0
Event: 886.485 Thread 0x000002887fbf5000 DEOPT UNPACKING pc=0x000002886a4dc98e sp=0x000000e7090fd848 mode 1
Event: 886.485 loading class com/fasterxml/jackson/datatype/joda$JodaModule
Event: 886.485 loading class com/fasterxml/jackson/datatype/joda$JodaModule done
Event: 886.485 Thread 0x000002887fbf5000 DEOPT PACKING pc=0x0000028872127854 sp=0x000000e7090fe320
Event: 886.485 Thread 0x000002887fbf5000 DEOPT UNPACKING pc=0x000002886a4dc98e sp=0x000000e7090fd7b0 mode 1


Dynamic libraries:
0x00007ff77d6e0000 - 0x00007ff77d6ef000 	C:\Program Files\Java\jdk-11.0.14\bin\java.exe
0x00007ffc2b430000 - 0x00007ffc2b627000 	C:\Windows\SYSTEM32\ntdll.dll
0x00007ffc29e40000 - 0x00007ffc29efd000 	C:\Windows\System32\KERNEL32.DLL
0x00007ffc28f10000 - 0x00007ffc291dd000 	C:\Windows\System32\KERNELBASE.dll
0x00007ffc28e10000 - 0x00007ffc28f10000 	C:\Windows\System32\ucrtbase.dll
0x00007ffc064a0000 - 0x00007ffc064b8000 	C:\Program Files\Java\jdk-11.0.14\bin\jli.dll
0x00007ffc2ae30000 - 0x00007ffc2aede000 	C:\Windows\System32\ADVAPI32.dll
0x00007ffc29f00000 - 0x00007ffc29f9e000 	C:\Windows\System32\msvcrt.dll
0x00007ffc2ace0000 - 0x00007ffc2ad7c000 	C:\Windows\System32\sechost.dll
0x00007ffc29490000 - 0x00007ffc295b5000 	C:\Windows\System32\RPCRT4.dll
0x00007ffc2a7d0000 - 0x00007ffc2a970000 	C:\Windows\System32\USER32.dll
0x00007ffc28d50000 - 0x00007ffc28d72000 	C:\Windows\System32\win32u.dll
0x00007ffc2a790000 - 0x00007ffc2a7ba000 	C:\Windows\System32\GDI32.dll
0x00007ffc28c40000 - 0x00007ffc28d4b000 	C:\Windows\System32\gdi32full.dll
0x00007ffc28b50000 - 0x00007ffc28bed000 	C:\Windows\System32\msvcp_win.dll
0x00007ffc064c0000 - 0x00007ffc064d5000 	C:\Program Files\Java\jdk-11.0.14\bin\VCRUNTIME140.dll
0x00007ffc276d0000 - 0x00007ffc2796a000 	C:\Windows\WinSxS\amd64_microsoft.windows.common-controls_6595b64144ccf1df_6.0.19041.1110_none_60b5254171f9507e\COMCTL32.dll
0x00007ffc28740000 - 0x00007ffc2874a000 	C:\Windows\SYSTEM32\VERSION.dll
0x00007ffc2afe0000 - 0x00007ffc2b010000 	C:\Windows\System32\IMM32.DLL
0x00007ffc289e0000 - 0x00007ffc28a18000 	C:\Program Files\Citrix\System32\MfApHook64.dll
0x00007ffc288c0000 - 0x00007ffc288d2000 	C:\Program Files\Citrix\IcaService\FullScreenHook64.dll
0x00007ffc03700000 - 0x00007ffc0379b000 	C:\Program Files\Java\jdk-11.0.14\bin\MSVCP140.dll
0x00007ffc283b0000 - 0x00007ffc283da000 	C:\Program Files\Citrix\ICAService\ShellHook64.dll
0x00007ffc29bd0000 - 0x00007ffc29c25000 	C:\Windows\System32\SHLWAPI.dll
0x00007ffc282a0000 - 0x00007ffc283af000 	C:\Program Files\Citrix\IcaService\SCardHook64.dll
0x00007ffc281b0000 - 0x00007ffc281d0000 	C:\Program Files\Citrix\ICAService\cxinjime64.dll
0x00007ffc28180000 - 0x00007ffc281a6000 	C:\Program Files\Citrix\ICAService\PicaWtsHook64.dll
0x00007ffbdb970000 - 0x00007ffbdc486000 	C:\Program Files\Java\jdk-11.0.14\bin\server\jvm.dll
0x00007ffc2a780000 - 0x00007ffc2a788000 	C:\Windows\System32\PSAPI.DLL
0x00007ffc13c70000 - 0x00007ffc13c79000 	C:\Windows\SYSTEM32\WSOCK32.dll
0x00007ffc2b270000 - 0x00007ffc2b2db000 	C:\Windows\System32\WS2_32.dll
0x00007ffc1fc80000 - 0x00007ffc1fca7000 	C:\Windows\SYSTEM32\WINMM.dll
0x00007ffc253d0000 - 0x00007ffc253e2000 	C:\Windows\SYSTEM32\kernel.appcore.dll
0x00007ffc27d60000 - 0x00007ffc27d70000 	C:\Program Files\Java\jdk-11.0.14\bin\verify.dll
0x00007ffc27d90000 - 0x00007ffc27f74000 	C:\Windows\SYSTEM32\DBGHELP.DLL
0x00007ffc27af0000 - 0x00007ffc27b1c000 	C:\Windows\SYSTEM32\dbgcore.DLL
0x00007ffc28d80000 - 0x00007ffc28e02000 	C:\Windows\System32\bcryptPrimitives.dll
0x00007ffc04580000 - 0x00007ffc045a8000 	C:\Program Files\Java\jdk-11.0.14\bin\java.dll
0x00007ffc26520000 - 0x00007ffc2652a000 	C:\Program Files\Java\jdk-11.0.14\bin\jimage.dll
0x00007ffc02f90000 - 0x00007ffc02fc8000 	C:\Program Files\Java\jdk-11.0.14\bin\jdwp.dll
0x00007ffc22220000 - 0x00007ffc2222e000 	C:\Program Files\Java\jdk-11.0.14\bin\instrument.dll
0x00007ffc05510000 - 0x00007ffc05526000 	C:\Program Files\Java\jdk-11.0.14\bin\zip.dll
0x0000000068c00000 - 0x0000000068c61000 	C:\Windows\SYSTEM32\vmGuestLib.DLL
0x00007ffc0c210000 - 0x00007ffc0c21a000 	C:\Windows\system32\vsocklib.dll
0x00007ffc29fa0000 - 0x00007ffc2a6e4000 	C:\Windows\System32\SHELL32.dll
0x00007ffc25540000 - 0x00007ffc25cd4000 	C:\Windows\SYSTEM32\windows.storage.dll
0x00007ffc2a980000 - 0x00007ffc2acd4000 	C:\Windows\System32\combase.dll
0x00007ffc276a0000 - 0x00007ffc276cc000 	C:\Windows\SYSTEM32\Wldp.dll
0x00007ffc2ad80000 - 0x00007ffc2ae2d000 	C:\Windows\System32\SHCORE.dll
0x00007ffc28a90000 - 0x00007ffc28aaf000 	C:\Windows\SYSTEM32\profapi.dll
0x00007ffc01d30000 - 0x00007ffc01d3a000 	C:\Program Files\Java\jdk-11.0.14\bin\dt_socket.dll
0x00007ffc273b0000 - 0x00007ffc2741a000 	C:\Windows\system32\mswsock.dll
0x00007ffc04680000 - 0x00007ffc04699000 	C:\Program Files\Java\jdk-11.0.14\bin\net.dll
0x00007ffc26ce0000 - 0x00007ffc26dea000 	C:\Windows\SYSTEM32\WINHTTP.dll
0x00007ffc04350000 - 0x00007ffc04362000 	C:\Program Files\Java\jdk-11.0.14\bin\nio.dll
0x00007ffc270b0000 - 0x00007ffc270eb000 	C:\Windows\SYSTEM32\IPHLPAPI.DLL
0x00007ffc2a970000 - 0x00007ffc2a978000 	C:\Windows\System32\NSI.dll
0x00007ffc20fa0000 - 0x00007ffc20fb7000 	C:\Windows\SYSTEM32\dhcpcsvc6.DLL
0x00007ffc20f80000 - 0x00007ffc20f9d000 	C:\Windows\SYSTEM32\dhcpcsvc.DLL
0x00007ffc270f0000 - 0x00007ffc271bb000 	C:\Windows\SYSTEM32\DNSAPI.dll
0x00007ffc20600000 - 0x00007ffc2060a000 	C:\Windows\System32\rasadhlp.dll
0x00007ffc21950000 - 0x00007ffc219d0000 	C:\Windows\System32\fwpuclnt.dll
0x00007ffc29290000 - 0x00007ffc292b7000 	C:\Windows\System32\bcrypt.dll
0x00007ffc23e10000 - 0x00007ffc23e19000 	C:\Program Files\Java\jdk-11.0.14\bin\management.dll
0x00007ffc215a0000 - 0x00007ffc215ab000 	C:\Program Files\Java\jdk-11.0.14\bin\management_ext.dll
0x00007ffc18dd0000 - 0x00007ffc18de7000 	C:\Windows\system32\napinsp.dll
0x00007ffc18df0000 - 0x00007ffc18e0b000 	C:\Windows\system32\pnrpnsp.dll
0x00007ffc18e10000 - 0x00007ffc18e25000 	C:\Windows\system32\wshbth.dll
0x00007ffc22890000 - 0x00007ffc228ad000 	C:\Windows\system32\NLAapi.dll
0x00007ffc19020000 - 0x00007ffc19032000 	C:\Windows\System32\winrnr.dll
0x00007ffc27f80000 - 0x00007ffc27f98000 	C:\Windows\SYSTEM32\CRYPTSP.dll
0x00007ffc26c50000 - 0x00007ffc26c84000 	C:\Windows\system32\rsaenh.dll
0x00007ffc287d0000 - 0x00007ffc287fe000 	C:\Windows\SYSTEM32\USERENV.dll
0x00007ffc275a0000 - 0x00007ffc275ac000 	C:\Windows\SYSTEM32\CRYPTBASE.dll
0x00007ffc03db0000 - 0x00007ffc03dd5000 	C:\Program Files\Java\jdk-11.0.14\bin\sunec.dll
0x00007ffc22070000 - 0x00007ffc2207d000 	C:\Program Files\Java\jdk-11.0.14\bin\sunmscapi.dll
0x00007ffc29330000 - 0x00007ffc29486000 	C:\Windows\System32\CRYPT32.dll
0x00007ffc279b0000 - 0x00007ffc279d7000 	C:\Windows\SYSTEM32\ncrypt.dll
0x00007ffc27970000 - 0x00007ffc279ab000 	C:\Windows\SYSTEM32\NTASN1.dll

dbghelp: loaded successfully - version: 4.0.5 - missing functions: none
symbol engine: initialized successfully - sym options: 0x614 - pdb path: .;C:\Program Files\Java\jdk-11.0.14\bin;C:\Windows\SYSTEM32;C:\Windows\WinSxS\amd64_microsoft.windows.common-controls_6595b64144ccf1df_6.0.19041.1110_none_60b5254171f9507e;C:\Program Files\Citrix\System32;C:\Program Files\Citrix\IcaService;C:\Program Files\Java\jdk-11.0.14\bin\server

VM Arguments:
jvm_args: -agentlib:jdwp=transport=dt_socket,address=127.0.0.1:63314,suspend=y,server=n -javaagent:C:\Users\SagarM7\AppData\Local\JetBrains\IdeaIC2021.3\captureAgent\debugger-agent.jar -Dfile.encoding=UTF-8 
java_command: com.practo.DoctorSpeciality.DoctorSpecialityApplication
java_class_path (initial): C:\Users\SagarM7\Downloads\E-Consultation\DoctorSpeciality\DoctorSpeciality\target\classes;C:\Users\SagarM7\.m2\repository\org\springframework\cloud\spring-cloud-starter-netflix-eureka-client\3.0.3\spring-cloud-starter-netflix-eureka-client-3.0.3.jar;C:\Users\SagarM7\.m2\repository\org\springframework\cloud\spring-cloud-starter\3.1.3\spring-cloud-starter-3.1.3.jar;C:\Users\SagarM7\.m2\repository\org\springframework\cloud\spring-cloud-context\3.1.3\spring-cloud-context-3.1.3.jar;C:\Users\SagarM7\.m2\repository\org\springframework\security\spring-security-rsa\1.0.10.RELEASE\spring-security-rsa-1.0.10.RELEASE.jar;C:\Users\SagarM7\.m2\repository\org\bouncycastle\bcpkix-jdk15on\1.68\bcpkix-jdk15on-1.68.jar;C:\Users\SagarM7\.m2\repository\org\bouncycastle\bcprov-jdk15on\1.68\bcprov-jdk15on-1.68.jar;C:\Users\SagarM7\.m2\repository\org\springframework\cloud\spring-cloud-netflix-eureka-client\3.1.3\spring-cloud-netflix-eureka-client-3.1.3.jar;C:\Users\SagarM7\.m2\repository\com\netflix\eureka\eureka-client\1.10.17\eureka-client-1.10.17.jar;C:\Users\SagarM7\.m2\repository\com\netflix\netflix-commons\netflix-eventbus\0.3.0\netflix-eventbus-0.3.0.jar;C:\Users\SagarM7\.m2\repository\com\netflix\netflix-commons\netflix-infix\0.3.0\netflix-infix-0.3.0.jar;C:\Users\SagarM7\.m2\repository\commons-jxpath\commons-jxpath\1.3\commons-jxpath-1.3.jar;C:\Users\SagarM7\.m2\repository\joda-time\joda-time\2.3\joda-time-2.3.jar;C:\Users\SagarM7\.m2\repository\org\antlr\antlr-runtime\3.4\antlr-runtime-3.4.jar;C:\Users\SagarM7\.m2\repository\org\antlr\stringtemplate\3.2.1\stringtemplate-3.2.1.jar;C:\Users\SagarM7\.m2\repository\com\google\code\gson\gson\2.9.0\gson-2.9.0.jar;C:\Users\SagarM7\.m2\repository\org\apache\commons\commons-math\2.2\commons-math-2.2.jar;C:\Users\SagarM7\.m2\repository\com\thoughtworks\xstream\xstream\1.4.18\xstream-1.4.18.jar;C:\Users\SagarM7\.m2\repository\io\github\x-stream\mxparser\1.2.2\mxparser-1.2.2.jar;C:\Users\SagarM7\.m2\repository\x
Launcher Type: SUN_STANDARD

[Global flags]
     intx CICompilerCount                          = 2                                         {product} {ergonomic}
     uint ConcGCThreads                            = 1                                         {product} {ergonomic}
     uint G1ConcRefinementThreads                  = 2                                         {product} {ergonomic}
   size_t G1HeapRegionSize                         = 1048576                                   {product} {ergonomic}
    uintx GCDrainStackTargetSize                   = 64                                        {product} {ergonomic}
   size_t InitialHeapSize                          = 201326592                                 {product} {ergonomic}
   size_t MarkStackSize                            = 4194304                                   {product} {ergonomic}
   size_t MaxHeapSize                              = 3221225472                                {product} {ergonomic}
   size_t MaxNewSize                               = 1932525568                                {product} {ergonomic}
   size_t MinHeapDeltaBytes                        = 1048576                                   {product} {ergonomic}
    uintx NonNMethodCodeHeapSize                   = 5825164                                {pd product} {ergonomic}
    uintx NonProfiledCodeHeapSize                  = 122916538                              {pd product} {ergonomic}
    uintx ProfiledCodeHeapSize                     = 122916538                              {pd product} {ergonomic}
    uintx ReservedCodeCacheSize                    = 251658240                              {pd product} {ergonomic}
     bool SegmentedCodeCache                       = true                                      {product} {ergonomic}
     bool UseCompressedClassPointers               = true                                 {lp64_product} {ergonomic}
     bool UseCompressedOops                        = true                                 {lp64_product} {ergonomic}
     bool UseG1GC                                  = true                                      {product} {ergonomic}
     bool UseLargePagesIndividualAllocation        = false                                  {pd product} {ergonomic}

Logging:
Log output configuration:
 #0: stdout all=warning uptime,level,tags
 #1: stderr all=off uptime,level,tags

Environment Variables:
JAVA_HOME=C:\Program Files\Java\jdk1.8.0_311
PATH=C:\Program Files\Common Files\Oracle\Java\javapath;C:\Program Files (x86)\Common Files\Oracle\Java\javapath;C:\Windows\system32;C:\Windows;C:\Windows\System32\Wbem;C:\Windows\System32\WindowsPowerShell\v1.0\;C:\Windows\System32\OpenSSH\;C:\Program Files\Citrix\System32\;C:\Program Files\Citrix\ICAService\;C:\Program Files\Git\cmd;C:\Program Files\nodejs\;C:\Program Files (x86)\Microsoft SQL Server\150\Tools\Binn\;C:\Program Files\Microsoft SQL Server\150\Tools\Binn\;C:\Program Files (x86)\Microsoft SQL Server\150\DTS\Binn\;C:\Program Files\Microsoft SQL Server\150\DTS\Binn\;C:\Program Files\Microsoft SQL Server\Client SDK\ODBC\170\Tools\Binn\;C:\Program Files\Azure Data Studio\bin;%JAVA_HOME%\bin;C:\Program Files\Java\jdk-11.0.14\bin;C:\Users\SagarM7\Downloads\apache-maven-3.8.5-bin\apache-maven-3.8.5\bin;C:\Users\SagarM7\AppData\Local\Microsoft\WindowsApps;C:\Users\SagarM7\AppData\Roaming\npm;C:\Users\SagarM7\AppData\Local\Programs\Fiddler;C:\Program Files\Azure Data Studio\bin;C:\Users\SagarM7\AppData\Local\Programs\Microsoft VS Code\bin;C:\Program Files\Notepad++;
USERNAME=SagarM7
OS=Windows_NT
PROCESSOR_IDENTIFIER=Intel64 Family 6 Model 85 Stepping 7, GenuineIntel



---------------  S Y S T E M  ---------------

OS: Windows 10 , 64 bit Build 19041 (10.0.19041.1741)
VMWare virtualization detected
vSphere host information:
host.cpu.processorMHz = 2699
host.cpu.coresPerPkg = 28

vSphere resource information collected at VM startup:
vm.cpu.reserved = 0
vm.cpu.limit = -1
vm.cpu.used = 1346646157004
vm.cpu.contention.cpu = 22311389635
vm.cpu.contention.mem = 0
vm.numa.local = 12572684
vm.numa.remote = 10228
guest.mem.reserved = 0
guest.mem.limit = -1
guest.mem.mapped = 12582912
guest.mem.consumed = 12577868
guest.mem.swapped = 0
guest.mem.ballooned = 0
guest.mem.swapIn = 0
guest.mem.swapOut = 0
ovhd.mem.swapped = 0
ovhd.mem.swapIn = 0
ovhd.mem.swapOut = 0

vSphere resource information available now:
vm.cpu.reserved = 0
vm.cpu.limit = -1
vm.cpu.used = 1347619915638
vm.cpu.contention.cpu = 22316917975
vm.cpu.contention.mem = 0
vm.numa.local = 12527620
vm.numa.remote = 55292
guest.mem.reserved = 0
guest.mem.limit = -1
guest.mem.mapped = 12582912
guest.mem.consumed = 12577836
guest.mem.swapped = 0
guest.mem.ballooned = 0
guest.mem.swapIn = 0
guest.mem.swapOut = 0
ovhd.mem.swapped = 0
ovhd.mem.swapIn = 0
ovhd.mem.swapOut = 0


CPU:total 2 (initial active 2) (2 cores per cpu, 1 threads per core) family 6 model 85 stepping 7 microcode 0x5003103, cmov, cx8, fxsr, mmx, sse, sse2, sse3, ssse3, sse4.1, sse4.2, popcnt, avx, avx2, aes, clmul, erms, 3dnowpref, lzcnt, tsc, tscinvbit, bmi1, bmi2, adx, evex, fma

Memory: 4k page, system-wide physical 12287M (663M free)
TotalPageFile size 16383M (AvailPageFile size 3M)
current process WorkingSet (physical memory assigned to process): 471M, peak: 523M
current process commit charge ("private bytes"): 537M, peak: 589M

vm_info: Java HotSpot(TM) 64-Bit Server VM (11.0.14+8-LTS-263) for windows-amd64 JRE (11.0.14+8-LTS-263), built on Dec  7 2021 21:53:57 by "mach5one" with MS VC++ 15.9 (VS2017)

END.
