#
# There is insufficient memory for the Java Runtime Environment to continue.
# Native memory allocation (mmap) failed to map 40894464 bytes for Failed to commit area from 0x000000074c000000 to 0x000000074e700000 of length 40894464.
# Possible reasons:
#   The system is out of physical RAM or swap space
#   The process is running with CompressedOops enabled, and the Java Heap may be blocking the growth of the native heap
# Possible solutions:
#   Reduce memory load on the system
#   Increase physical memory or swap space
#   Check if swap backing store is full
#   Decrease Java heap size (-Xmx/-Xms)
#   Decrease number of Java threads
#   Decrease Java thread stack sizes (-Xss)
#   Set larger code cache with -XX:ReservedCodeCacheSize=
#   JVM is running with Zero Based Compressed Oops mode in which the Java heap is
#     placed in the first 32GB address space. The Java Heap base address is the
#     maximum limit for the native heap growth. Please use -XX:HeapBaseMinAddress
#     to set the Java Heap base and to place the Java Heap above 32GB virtual address.
# This output file may be truncated or incomplete.
#
#  Out of Memory Error (./open/src/hotspot/os/windows/os_windows.cpp:3284), pid=9784, tid=1688
#
# JRE version: Java(TM) SE Runtime Environment 18.9 (11.0.14+8) (build 11.0.14+8-LTS-263)
# Java VM: Java HotSpot(TM) 64-Bit Server VM 18.9 (11.0.14+8-LTS-263, mixed mode, tiered, compressed oops, g1 gc, windows-amd64)
# No core dump will be written. Minidumps are not enabled by default on client versions of Windows
#

---------------  S U M M A R Y ------------

Command Line: -javaagent:C:\Program Files\JetBrains\IntelliJ IDEA Community Edition 2021.3.3\lib\idea_rt.jar=49330:C:\Program Files\JetBrains\IntelliJ IDEA Community Edition 2021.3.3\bin -Dfile.encoding=UTF-8 com.citiustechpune.SearchApiApplication

Host: Intel(R) Xeon(R) Gold 6258R CPU @ 2.70GHz, 2 cores, 11G,  Windows 10 , 64 bit Build 19041 (10.0.19041.1741)
Time: Wed Jul 13 02:14:34 2022 India Standard Time elapsed time: 8.167315 seconds (0d 0h 0m 8s)

---------------  T H R E A D  ---------------

Current thread (0x00000158d3dfa000):  VMThread "VM Thread" [stack: 0x00000038cc100000,0x00000038cc200000] [id=1688]

Stack: [0x00000038cc100000,0x00000038cc200000]
[error occurred during error reporting (printing stack bounds), id 0xc0000005, EXCEPTION_ACCESS_VIOLATION (0xc0000005) at pc=0x00000158bb9210e7]

Native frames: (J=compiled Java code, j=interpreted, Vv=VM code, C=native code)
V  [jvm.dll+0x6296da]
V  [jvm.dll+0x76323f]
V  [jvm.dll+0x7648e9]
V  [jvm.dll+0x764ed5]
V  [jvm.dll+0x764e8b]
V  [jvm.dll+0x628c23]
V  [jvm.dll+0x6292d8]
C  [ntdll.dll+0xa209f]
C  [ntdll.dll+0x51454]
C  [ntdll.dll+0xa0bce]
C  0x00000158bb9210e7

VM_Operation (0x00000038ccff9e70): G1CollectForAllocation, mode: safepoint, requested by thread 0x00000158d52b9800


---------------  P R O C E S S  ---------------

Threads class SMR info:
_java_thread_list=0x00000158d6071e00, length=14, elements={
0x00000158b430e800, 0x00000158d3e27000, 0x00000158d3e28000, 0x00000158d4706800,
0x00000158d470a000, 0x00000158d470c000, 0x00000158d470d800, 0x00000158d4715800,
0x00000158d4781800, 0x00000158d46b1000, 0x00000158d4f3d000, 0x00000158d574a000,
0x00000158d52b9800, 0x00000158d7439000
}

Java Threads: ( => current thread )
  0x00000158b430e800 JavaThread "main" [_thread_blocked, id=11960, stack(0x00000038cba00000,0x00000038cbb00000)]
  0x00000158d3e27000 JavaThread "Reference Handler" daemon [_thread_blocked, id=12452, stack(0x00000038cc200000,0x00000038cc300000)]
  0x00000158d3e28000 JavaThread "Finalizer" daemon [_thread_blocked, id=7052, stack(0x00000038cc300000,0x00000038cc400000)]
  0x00000158d4706800 JavaThread "Signal Dispatcher" daemon [_thread_blocked, id=8240, stack(0x00000038cc400000,0x00000038cc500000)]
  0x00000158d470a000 JavaThread "Attach Listener" daemon [_thread_blocked, id=13648, stack(0x00000038cc500000,0x00000038cc600000)]
  0x00000158d470c000 JavaThread "Service Thread" daemon [_thread_blocked, id=12704, stack(0x00000038cc600000,0x00000038cc700000)]
  0x00000158d470d800 JavaThread "C2 CompilerThread0" daemon [_thread_blocked, id=11612, stack(0x00000038cc700000,0x00000038cc800000)]
  0x00000158d4715800 JavaThread "C1 CompilerThread0" daemon [_thread_blocked, id=4984, stack(0x00000038cc800000,0x00000038cc900000)]
  0x00000158d4781800 JavaThread "Sweeper thread" daemon [_thread_blocked, id=8220, stack(0x00000038cc900000,0x00000038cca00000)]
  0x00000158d46b1000 JavaThread "Common-Cleaner" daemon [_thread_blocked, id=13100, stack(0x00000038cca00000,0x00000038ccb00000)]
  0x00000158d4f3d000 JavaThread "Monitor Ctrl-Break" daemon [_thread_in_native, id=10040, stack(0x00000038ccb00000,0x00000038ccc00000)]
  0x00000158d574a000 JavaThread "Thread-0" [_thread_blocked, id=4044, stack(0x00000038cce00000,0x00000038ccf00000)]
  0x00000158d52b9800 JavaThread "restartedMain" [_thread_blocked, id=8244, stack(0x00000038ccf00000,0x00000038cd000000)]
  0x00000158d7439000 JavaThread "Keep-Alive-Timer" daemon [_thread_blocked, id=2116, stack(0x00000038cd100000,0x00000038cd200000)]

Other Threads:
=>0x00000158d3dfa000 VMThread "VM Thread" [stack: 0x00000038cc100000,0x00000038cc200000] [id=1688]
  0x00000158d4b7a800 WatcherThread [stack: 0x00000038ccc00000,0x00000038ccd00000] [id=10540]
  0x00000158b432d800 GCTaskThread "GC Thread#0" [stack: 0x00000038cbc00000,0x00000038cbd00000] [id=4736]
  0x00000158d4b5f800 GCTaskThread "GC Thread#1" [stack: 0x00000038ccd00000,0x00000038cce00000] [id=4492]
  0x00000158b21bd000 ConcurrentGCThread "G1 Main Marker" [stack: 0x00000038cbd00000,0x00000038cbe00000] [id=15132]
  0x00000158b21be800 ConcurrentGCThread "G1 Conc#0" [stack: 0x00000038cbe00000,0x00000038cbf00000] [id=8912]
  0x00000158d3ce5000 ConcurrentGCThread "G1 Refine#0" [stack: 0x00000038cbf00000,0x00000038cc000000] [id=8284]
  0x00000158d3ce6800 ConcurrentGCThread "G1 Young RemSet Sampling" [stack: 0x00000038cc000000,0x00000038cc100000] [id=3148]

Threads with active compile tasks:
C2 CompilerThread0   8177 3555   !   4       org.springframework.beans.factory.support.DefaultSingletonBeanRegistry::getSingleton (147 bytes)

VM state:at safepoint (normal execution)

VM Mutex/Monitor currently owned by a thread:  ([mutex/lock_event])
[0x00000158b430b7b0] Threads_lock - owner thread: 0x00000158d3dfa000
[0x00000158b430a880] Heap_lock - owner thread: 0x00000158d52b9800

Heap address: 0x0000000740000000, size: 3072 MB, Compressed Oops mode: Zero based, Oop shift amount: 3
Narrow klass base: 0x0000000800000000, Narrow klass shift: 0
Compressed class space size: 1073741824 Address: 0x0000000800000000

Heap:
 garbage-first heap   total 236544K, used 14786K [0x0000000740000000, 0x0000000800000000)
  region size 1024K, 8 young (8192K), 8 survivors (8192K)
 Metaspace       used 32607K, capacity 33466K, committed 33536K, reserved 1079296K
  class space    used 3714K, capacity 4029K, committed 4096K, reserved 1048576K
Heap Regions: E=young(eden), S=young(survivor), O=old, HS=humongous(starts), HC=humongous(continues), CS=collection set, F=free, A=archive, TAMS=top-at-mark-start (previous, next)
|   0|0x0000000740000000, 0x0000000740100000, 0x0000000740100000|100%| O|  |TAMS 0x0000000740100000, 0x0000000740000000| Untracked 
|   1|0x0000000740100000, 0x0000000740200000, 0x0000000740200000|100%| O|  |TAMS 0x0000000740200000, 0x0000000740100000| Untracked 
|   2|0x0000000740200000, 0x0000000740300000, 0x0000000740300000|100%| O|  |TAMS 0x0000000740300000, 0x0000000740200000| Untracked 
|   3|0x0000000740300000, 0x0000000740400000, 0x0000000740400000|100%| O|  |TAMS 0x0000000740400000, 0x0000000740300000| Untracked 
|   4|0x0000000740400000, 0x0000000740500000, 0x0000000740500000|100%| O|  |TAMS 0x0000000740500000, 0x0000000740400000| Untracked 
|   5|0x0000000740500000, 0x0000000740600000, 0x0000000740600000|100%| O|  |TAMS 0x0000000740600000, 0x0000000740500000| Untracked 
|   6|0x0000000740600000, 0x0000000740675e00, 0x0000000740700000| 46%| O|  |TAMS 0x0000000740675e00, 0x0000000740600000| Untracked 
|   7|0x0000000740700000, 0x0000000740700000, 0x0000000740800000|  0%| F|  |TAMS 0x0000000740700000, 0x0000000740700000| Untracked 
|   8|0x0000000740800000, 0x0000000740800000, 0x0000000740900000|  0%| F|  |TAMS 0x0000000740800000, 0x0000000740800000| Untracked 
|   9|0x0000000740900000, 0x0000000740900000, 0x0000000740a00000|  0%| F|  |TAMS 0x0000000740900000, 0x0000000740900000| Untracked 
|  10|0x0000000740a00000, 0x0000000740a00000, 0x0000000740b00000|  0%| F|  |TAMS 0x0000000740a00000, 0x0000000740a00000| Untracked 
|  11|0x0000000740b00000, 0x0000000740b00000, 0x0000000740c00000|  0%| F|  |TAMS 0x0000000740b00000, 0x0000000740b00000| Untracked 
|  12|0x0000000740c00000, 0x0000000740c00000, 0x0000000740d00000|  0%| F|  |TAMS 0x0000000740c00000, 0x0000000740c00000| Untracked 
|  13|0x0000000740d00000, 0x0000000740d00000, 0x0000000740e00000|  0%| F|  |TAMS 0x0000000740d00000, 0x0000000740d00000| Untracked 
|  14|0x0000000740e00000, 0x0000000740e00000, 0x0000000740f00000|  0%| F|  |TAMS 0x0000000740e00000, 0x0000000740e00000| Untracked 
|  15|0x0000000740f00000, 0x0000000740f00000, 0x0000000741000000|  0%| F|  |TAMS 0x0000000740f00000, 0x0000000740f00000| Untracked 
|  16|0x0000000741000000, 0x0000000741000000, 0x0000000741100000|  0%| F|  |TAMS 0x0000000741000000, 0x0000000741000000| Untracked 
|  17|0x0000000741100000, 0x0000000741100000, 0x0000000741200000|  0%| F|  |TAMS 0x0000000741100000, 0x0000000741100000| Untracked 
|  18|0x0000000741200000, 0x0000000741200000, 0x0000000741300000|  0%| F|  |TAMS 0x0000000741200000, 0x0000000741200000| Untracked 
|  19|0x0000000741300000, 0x0000000741300000, 0x0000000741400000|  0%| F|  |TAMS 0x0000000741300000, 0x0000000741300000| Untracked 
|  20|0x0000000741400000, 0x0000000741400000, 0x0000000741500000|  0%| F|  |TAMS 0x0000000741400000, 0x0000000741400000| Untracked 
|  21|0x0000000741500000, 0x0000000741500000, 0x0000000741600000|  0%| F|  |TAMS 0x0000000741500000, 0x0000000741500000| Untracked 
|  22|0x0000000741600000, 0x0000000741600000, 0x0000000741700000|  0%| F|  |TAMS 0x0000000741600000, 0x0000000741600000| Untracked 
|  23|0x0000000741700000, 0x0000000741700000, 0x0000000741800000|  0%| F|  |TAMS 0x0000000741700000, 0x0000000741700000| Untracked 
|  24|0x0000000741800000, 0x0000000741800000, 0x0000000741900000|  0%| F|  |TAMS 0x0000000741800000, 0x0000000741800000| Untracked 
|  25|0x0000000741900000, 0x0000000741900000, 0x0000000741a00000|  0%| F|  |TAMS 0x0000000741900000, 0x0000000741900000| Untracked 
|  26|0x0000000741a00000, 0x0000000741a00000, 0x0000000741b00000|  0%| F|  |TAMS 0x0000000741a00000, 0x0000000741a00000| Untracked 
|  27|0x0000000741b00000, 0x0000000741b00000, 0x0000000741c00000|  0%| F|  |TAMS 0x0000000741b00000, 0x0000000741b00000| Untracked 
|  28|0x0000000741c00000, 0x0000000741c00000, 0x0000000741d00000|  0%| F|  |TAMS 0x0000000741c00000, 0x0000000741c00000| Untracked 
|  29|0x0000000741d00000, 0x0000000741d00000, 0x0000000741e00000|  0%| F|  |TAMS 0x0000000741d00000, 0x0000000741d00000| Untracked 
|  30|0x0000000741e00000, 0x0000000741e00000, 0x0000000741f00000|  0%| F|  |TAMS 0x0000000741e00000, 0x0000000741e00000| Untracked 
|  31|0x0000000741f00000, 0x0000000741f00000, 0x0000000742000000|  0%| F|  |TAMS 0x0000000741f00000, 0x0000000741f00000| Untracked 
|  32|0x0000000742000000, 0x0000000742000000, 0x0000000742100000|  0%| F|  |TAMS 0x0000000742000000, 0x0000000742000000| Untracked 
|  33|0x0000000742100000, 0x0000000742100000, 0x0000000742200000|  0%| F|  |TAMS 0x0000000742100000, 0x0000000742100000| Untracked 
|  34|0x0000000742200000, 0x0000000742200000, 0x0000000742300000|  0%| F|  |TAMS 0x0000000742200000, 0x0000000742200000| Untracked 
|  35|0x0000000742300000, 0x0000000742300000, 0x0000000742400000|  0%| F|  |TAMS 0x0000000742300000, 0x0000000742300000| Untracked 
|  36|0x0000000742400000, 0x0000000742400000, 0x0000000742500000|  0%| F|  |TAMS 0x0000000742400000, 0x0000000742400000| Untracked 
|  37|0x0000000742500000, 0x0000000742500000, 0x0000000742600000|  0%| F|  |TAMS 0x0000000742500000, 0x0000000742500000| Untracked 
|  38|0x0000000742600000, 0x0000000742600000, 0x0000000742700000|  0%| F|  |TAMS 0x0000000742600000, 0x0000000742600000| Untracked 
|  39|0x0000000742700000, 0x0000000742700000, 0x0000000742800000|  0%| F|  |TAMS 0x0000000742700000, 0x0000000742700000| Untracked 
|  40|0x0000000742800000, 0x0000000742800000, 0x0000000742900000|  0%| F|  |TAMS 0x0000000742800000, 0x0000000742800000| Untracked 
|  41|0x0000000742900000, 0x0000000742900000, 0x0000000742a00000|  0%| F|  |TAMS 0x0000000742900000, 0x0000000742900000| Untracked 
|  42|0x0000000742a00000, 0x0000000742a00000, 0x0000000742b00000|  0%| F|  |TAMS 0x0000000742a00000, 0x0000000742a00000| Untracked 
|  43|0x0000000742b00000, 0x0000000742b00000, 0x0000000742c00000|  0%| F|  |TAMS 0x0000000742b00000, 0x0000000742b00000| Untracked 
|  44|0x0000000742c00000, 0x0000000742c00000, 0x0000000742d00000|  0%| F|  |TAMS 0x0000000742c00000, 0x0000000742c00000| Untracked 
|  45|0x0000000742d00000, 0x0000000742d00000, 0x0000000742e00000|  0%| F|  |TAMS 0x0000000742d00000, 0x0000000742d00000| Untracked 
|  46|0x0000000742e00000, 0x0000000742e00000, 0x0000000742f00000|  0%| F|  |TAMS 0x0000000742e00000, 0x0000000742e00000| Untracked 
|  47|0x0000000742f00000, 0x0000000742f00000, 0x0000000743000000|  0%| F|  |TAMS 0x0000000742f00000, 0x0000000742f00000| Untracked 
|  48|0x0000000743000000, 0x0000000743000000, 0x0000000743100000|  0%| F|  |TAMS 0x0000000743000000, 0x0000000743000000| Untracked 
|  49|0x0000000743100000, 0x0000000743100000, 0x0000000743200000|  0%| F|  |TAMS 0x0000000743100000, 0x0000000743100000| Untracked 
|  50|0x0000000743200000, 0x0000000743200000, 0x0000000743300000|  0%| F|  |TAMS 0x0000000743200000, 0x0000000743200000| Untracked 
|  51|0x0000000743300000, 0x0000000743300000, 0x0000000743400000|  0%| F|  |TAMS 0x0000000743300000, 0x0000000743300000| Untracked 
|  52|0x0000000743400000, 0x0000000743400000, 0x0000000743500000|  0%| F|  |TAMS 0x0000000743400000, 0x0000000743400000| Untracked 
|  53|0x0000000743500000, 0x0000000743500000, 0x0000000743600000|  0%| F|  |TAMS 0x0000000743500000, 0x0000000743500000| Untracked 
|  54|0x0000000743600000, 0x0000000743600000, 0x0000000743700000|  0%| F|  |TAMS 0x0000000743600000, 0x0000000743600000| Untracked 
|  55|0x0000000743700000, 0x0000000743700000, 0x0000000743800000|  0%| F|  |TAMS 0x0000000743700000, 0x0000000743700000| Untracked 
|  56|0x0000000743800000, 0x0000000743800000, 0x0000000743900000|  0%| F|  |TAMS 0x0000000743800000, 0x0000000743800000| Untracked 
|  57|0x0000000743900000, 0x0000000743900000, 0x0000000743a00000|  0%| F|  |TAMS 0x0000000743900000, 0x0000000743900000| Untracked 
|  58|0x0000000743a00000, 0x0000000743a00000, 0x0000000743b00000|  0%| F|  |TAMS 0x0000000743a00000, 0x0000000743a00000| Untracked 
|  59|0x0000000743b00000, 0x0000000743b00000, 0x0000000743c00000|  0%| F|  |TAMS 0x0000000743b00000, 0x0000000743b00000| Untracked 
|  60|0x0000000743c00000, 0x0000000743c00000, 0x0000000743d00000|  0%| F|  |TAMS 0x0000000743c00000, 0x0000000743c00000| Untracked 
|  61|0x0000000743d00000, 0x0000000743d00000, 0x0000000743e00000|  0%| F|  |TAMS 0x0000000743d00000, 0x0000000743d00000| Untracked 
|  62|0x0000000743e00000, 0x0000000743e00000, 0x0000000743f00000|  0%| F|  |TAMS 0x0000000743e00000, 0x0000000743e00000| Untracked 
|  63|0x0000000743f00000, 0x0000000743f00000, 0x0000000744000000|  0%| F|  |TAMS 0x0000000743f00000, 0x0000000743f00000| Untracked 
|  64|0x0000000744000000, 0x0000000744000000, 0x0000000744100000|  0%| F|  |TAMS 0x0000000744000000, 0x0000000744000000| Untracked 
|  65|0x0000000744100000, 0x0000000744100000, 0x0000000744200000|  0%| F|  |TAMS 0x0000000744100000, 0x0000000744100000| Untracked 
|  66|0x0000000744200000, 0x0000000744200000, 0x0000000744300000|  0%| F|  |TAMS 0x0000000744200000, 0x0000000744200000| Untracked 
|  67|0x0000000744300000, 0x0000000744300000, 0x0000000744400000|  0%| F|  |TAMS 0x0000000744300000, 0x0000000744300000| Untracked 
|  68|0x0000000744400000, 0x0000000744400000, 0x0000000744500000|  0%| F|  |TAMS 0x0000000744400000, 0x0000000744400000| Untracked 
|  69|0x0000000744500000, 0x00000007445fad58, 0x0000000744600000| 97%| S|CS|TAMS 0x0000000744500000, 0x0000000744500000| Complete 
|  70|0x0000000744600000, 0x0000000744700000, 0x0000000744700000|100%| S|CS|TAMS 0x0000000744600000, 0x0000000744600000| Complete 
|  71|0x0000000744700000, 0x0000000744800000, 0x0000000744800000|100%| S|CS|TAMS 0x0000000744700000, 0x0000000744700000| Complete 
|  72|0x0000000744800000, 0x0000000744900000, 0x0000000744900000|100%| S|CS|TAMS 0x0000000744800000, 0x0000000744800000| Complete 
|  73|0x0000000744900000, 0x0000000744a00000, 0x0000000744a00000|100%| S|CS|TAMS 0x0000000744900000, 0x0000000744900000| Complete 
|  74|0x0000000744a00000, 0x0000000744b00000, 0x0000000744b00000|100%| S|CS|TAMS 0x0000000744a00000, 0x0000000744a00000| Complete 
|  75|0x0000000744b00000, 0x0000000744c00000, 0x0000000744c00000|100%| S|CS|TAMS 0x0000000744b00000, 0x0000000744b00000| Complete 
|  76|0x0000000744c00000, 0x0000000744d00000, 0x0000000744d00000|100%| S|CS|TAMS 0x0000000744c00000, 0x0000000744c00000| Complete 
|  77|0x0000000744d00000, 0x0000000744d00000, 0x0000000744e00000|  0%| F|  |TAMS 0x0000000744d00000, 0x0000000744d00000| Untracked 
|  78|0x0000000744e00000, 0x0000000744e00000, 0x0000000744f00000|  0%| F|  |TAMS 0x0000000744e00000, 0x0000000744e00000| Untracked 
|  79|0x0000000744f00000, 0x0000000744f00000, 0x0000000745000000|  0%| F|  |TAMS 0x0000000744f00000, 0x0000000744f00000| Untracked 
|  80|0x0000000745000000, 0x0000000745000000, 0x0000000745100000|  0%| F|  |TAMS 0x0000000745000000, 0x0000000745000000| Untracked 
|  81|0x0000000745100000, 0x0000000745100000, 0x0000000745200000|  0%| F|  |TAMS 0x0000000745100000, 0x0000000745100000| Untracked 
|  82|0x0000000745200000, 0x0000000745200000, 0x0000000745300000|  0%| F|  |TAMS 0x0000000745200000, 0x0000000745200000| Untracked 
|  83|0x0000000745300000, 0x0000000745300000, 0x0000000745400000|  0%| F|  |TAMS 0x0000000745300000, 0x0000000745300000| Untracked 
|  84|0x0000000745400000, 0x0000000745400000, 0x0000000745500000|  0%| F|  |TAMS 0x0000000745400000, 0x0000000745400000| Untracked 
|  85|0x0000000745500000, 0x0000000745500000, 0x0000000745600000|  0%| F|  |TAMS 0x0000000745500000, 0x0000000745500000| Untracked 
|  86|0x0000000745600000, 0x0000000745600000, 0x0000000745700000|  0%| F|  |TAMS 0x0000000745600000, 0x0000000745600000| Untracked 
|  87|0x0000000745700000, 0x0000000745700000, 0x0000000745800000|  0%| F|  |TAMS 0x0000000745700000, 0x0000000745700000| Untracked 
|  88|0x0000000745800000, 0x0000000745800000, 0x0000000745900000|  0%| F|  |TAMS 0x0000000745800000, 0x0000000745800000| Untracked 
|  89|0x0000000745900000, 0x0000000745900000, 0x0000000745a00000|  0%| F|  |TAMS 0x0000000745900000, 0x0000000745900000| Untracked 
|  90|0x0000000745a00000, 0x0000000745a00000, 0x0000000745b00000|  0%| F|  |TAMS 0x0000000745a00000, 0x0000000745a00000| Untracked 
|  91|0x0000000745b00000, 0x0000000745b00000, 0x0000000745c00000|  0%| F|  |TAMS 0x0000000745b00000, 0x0000000745b00000| Untracked 
|  92|0x0000000745c00000, 0x0000000745c00000, 0x0000000745d00000|  0%| F|  |TAMS 0x0000000745c00000, 0x0000000745c00000| Untracked 
|  93|0x0000000745d00000, 0x0000000745d00000, 0x0000000745e00000|  0%| F|  |TAMS 0x0000000745d00000, 0x0000000745d00000| Untracked 
|  94|0x0000000745e00000, 0x0000000745e00000, 0x0000000745f00000|  0%| F|  |TAMS 0x0000000745e00000, 0x0000000745e00000| Untracked 
|  95|0x0000000745f00000, 0x0000000745f00000, 0x0000000746000000|  0%| F|  |TAMS 0x0000000745f00000, 0x0000000745f00000| Untracked 
|  96|0x0000000746000000, 0x0000000746000000, 0x0000000746100000|  0%| F|  |TAMS 0x0000000746000000, 0x0000000746000000| Untracked 
|  97|0x0000000746100000, 0x0000000746100000, 0x0000000746200000|  0%| F|  |TAMS 0x0000000746100000, 0x0000000746100000| Untracked 
|  98|0x0000000746200000, 0x0000000746200000, 0x0000000746300000|  0%| F|  |TAMS 0x0000000746200000, 0x0000000746200000| Untracked 
|  99|0x0000000746300000, 0x0000000746300000, 0x0000000746400000|  0%| F|  |TAMS 0x0000000746300000, 0x0000000746300000| Untracked 
| 100|0x0000000746400000, 0x0000000746400000, 0x0000000746500000|  0%| F|  |TAMS 0x0000000746400000, 0x0000000746400000| Untracked 
| 101|0x0000000746500000, 0x0000000746500000, 0x0000000746600000|  0%| F|  |TAMS 0x0000000746500000, 0x0000000746500000| Untracked 
| 102|0x0000000746600000, 0x0000000746600000, 0x0000000746700000|  0%| F|  |TAMS 0x0000000746600000, 0x0000000746600000| Untracked 
| 103|0x0000000746700000, 0x0000000746700000, 0x0000000746800000|  0%| F|  |TAMS 0x0000000746700000, 0x0000000746700000| Untracked 
| 104|0x0000000746800000, 0x0000000746800000, 0x0000000746900000|  0%| F|  |TAMS 0x0000000746800000, 0x0000000746800000| Untracked 
| 105|0x0000000746900000, 0x0000000746900000, 0x0000000746a00000|  0%| F|  |TAMS 0x0000000746900000, 0x0000000746900000| Untracked 
| 106|0x0000000746a00000, 0x0000000746a00000, 0x0000000746b00000|  0%| F|  |TAMS 0x0000000746a00000, 0x0000000746a00000| Untracked 
| 107|0x0000000746b00000, 0x0000000746b00000, 0x0000000746c00000|  0%| F|  |TAMS 0x0000000746b00000, 0x0000000746b00000| Untracked 
| 108|0x0000000746c00000, 0x0000000746c00000, 0x0000000746d00000|  0%| F|  |TAMS 0x0000000746c00000, 0x0000000746c00000| Untracked 
| 109|0x0000000746d00000, 0x0000000746d00000, 0x0000000746e00000|  0%| F|  |TAMS 0x0000000746d00000, 0x0000000746d00000| Untracked 
| 110|0x0000000746e00000, 0x0000000746e00000, 0x0000000746f00000|  0%| F|  |TAMS 0x0000000746e00000, 0x0000000746e00000| Untracked 
| 111|0x0000000746f00000, 0x0000000746f00000, 0x0000000747000000|  0%| F|  |TAMS 0x0000000746f00000, 0x0000000746f00000| Untracked 
| 112|0x0000000747000000, 0x0000000747000000, 0x0000000747100000|  0%| F|  |TAMS 0x0000000747000000, 0x0000000747000000| Untracked 
| 113|0x0000000747100000, 0x0000000747100000, 0x0000000747200000|  0%| F|  |TAMS 0x0000000747100000, 0x0000000747100000| Untracked 
| 114|0x0000000747200000, 0x0000000747200000, 0x0000000747300000|  0%| F|  |TAMS 0x0000000747200000, 0x0000000747200000| Untracked 
| 115|0x0000000747300000, 0x0000000747300000, 0x0000000747400000|  0%| F|  |TAMS 0x0000000747300000, 0x0000000747300000| Untracked 
| 116|0x0000000747400000, 0x0000000747400000, 0x0000000747500000|  0%| F|  |TAMS 0x0000000747400000, 0x0000000747400000| Untracked 
| 117|0x0000000747500000, 0x0000000747500000, 0x0000000747600000|  0%| F|  |TAMS 0x0000000747500000, 0x0000000747500000| Untracked 
| 118|0x0000000747600000, 0x0000000747600000, 0x0000000747700000|  0%| F|  |TAMS 0x0000000747600000, 0x0000000747600000| Untracked 
| 119|0x0000000747700000, 0x0000000747700000, 0x0000000747800000|  0%| F|  |TAMS 0x0000000747700000, 0x0000000747700000| Untracked 
| 120|0x0000000747800000, 0x0000000747800000, 0x0000000747900000|  0%| F|  |TAMS 0x0000000747800000, 0x0000000747800000| Untracked 
| 121|0x0000000747900000, 0x0000000747900000, 0x0000000747a00000|  0%| F|  |TAMS 0x0000000747900000, 0x0000000747900000| Untracked 
| 122|0x0000000747a00000, 0x0000000747a00000, 0x0000000747b00000|  0%| F|  |TAMS 0x0000000747a00000, 0x0000000747a00000| Untracked 
| 123|0x0000000747b00000, 0x0000000747b00000, 0x0000000747c00000|  0%| F|  |TAMS 0x0000000747b00000, 0x0000000747b00000| Untracked 
| 124|0x0000000747c00000, 0x0000000747c00000, 0x0000000747d00000|  0%| F|  |TAMS 0x0000000747c00000, 0x0000000747c00000| Untracked 
| 125|0x0000000747d00000, 0x0000000747d00000, 0x0000000747e00000|  0%| F|  |TAMS 0x0000000747d00000, 0x0000000747d00000| Untracked 
| 126|0x0000000747e00000, 0x0000000747e00000, 0x0000000747f00000|  0%| F|  |TAMS 0x0000000747e00000, 0x0000000747e00000| Untracked 
| 127|0x0000000747f00000, 0x0000000747f00000, 0x0000000748000000|  0%| F|  |TAMS 0x0000000747f00000, 0x0000000747f00000| Untracked 
| 128|0x0000000748000000, 0x0000000748000000, 0x0000000748100000|  0%| F|  |TAMS 0x0000000748000000, 0x0000000748000000| Untracked 
| 129|0x0000000748100000, 0x0000000748100000, 0x0000000748200000|  0%| F|  |TAMS 0x0000000748100000, 0x0000000748100000| Untracked 
| 130|0x0000000748200000, 0x0000000748200000, 0x0000000748300000|  0%| F|  |TAMS 0x0000000748200000, 0x0000000748200000| Untracked 
| 131|0x0000000748300000, 0x0000000748300000, 0x0000000748400000|  0%| F|  |TAMS 0x0000000748300000, 0x0000000748300000| Untracked 
| 132|0x0000000748400000, 0x0000000748400000, 0x0000000748500000|  0%| F|  |TAMS 0x0000000748400000, 0x0000000748400000| Untracked 
| 133|0x0000000748500000, 0x0000000748500000, 0x0000000748600000|  0%| F|  |TAMS 0x0000000748500000, 0x0000000748500000| Untracked 
| 134|0x0000000748600000, 0x0000000748600000, 0x0000000748700000|  0%| F|  |TAMS 0x0000000748600000, 0x0000000748600000| Untracked 
| 135|0x0000000748700000, 0x0000000748700000, 0x0000000748800000|  0%| F|  |TAMS 0x0000000748700000, 0x0000000748700000| Untracked 
| 136|0x0000000748800000, 0x0000000748800000, 0x0000000748900000|  0%| F|  |TAMS 0x0000000748800000, 0x0000000748800000| Untracked 
| 137|0x0000000748900000, 0x0000000748900000, 0x0000000748a00000|  0%| F|  |TAMS 0x0000000748900000, 0x0000000748900000| Untracked 
| 138|0x0000000748a00000, 0x0000000748a00000, 0x0000000748b00000|  0%| F|  |TAMS 0x0000000748a00000, 0x0000000748a00000| Untracked 
| 139|0x0000000748b00000, 0x0000000748b00000, 0x0000000748c00000|  0%| F|  |TAMS 0x0000000748b00000, 0x0000000748b00000| Untracked 
| 140|0x0000000748c00000, 0x0000000748c00000, 0x0000000748d00000|  0%| F|  |TAMS 0x0000000748c00000, 0x0000000748c00000| Untracked 
| 141|0x0000000748d00000, 0x0000000748d00000, 0x0000000748e00000|  0%| F|  |TAMS 0x0000000748d00000, 0x0000000748d00000| Untracked 
| 142|0x0000000748e00000, 0x0000000748e00000, 0x0000000748f00000|  0%| F|  |TAMS 0x0000000748e00000, 0x0000000748e00000| Untracked 
| 143|0x0000000748f00000, 0x0000000748f00000, 0x0000000749000000|  0%| F|  |TAMS 0x0000000748f00000, 0x0000000748f00000| Untracked 
| 144|0x0000000749000000, 0x0000000749000000, 0x0000000749100000|  0%| F|  |TAMS 0x0000000749000000, 0x0000000749000000| Untracked 
| 145|0x0000000749100000, 0x0000000749100000, 0x0000000749200000|  0%| F|  |TAMS 0x0000000749100000, 0x0000000749100000| Untracked 
| 146|0x0000000749200000, 0x0000000749200000, 0x0000000749300000|  0%| F|  |TAMS 0x0000000749200000, 0x0000000749200000| Untracked 
| 147|0x0000000749300000, 0x0000000749300000, 0x0000000749400000|  0%| F|  |TAMS 0x0000000749300000, 0x0000000749300000| Untracked 
| 148|0x0000000749400000, 0x0000000749400000, 0x0000000749500000|  0%| F|  |TAMS 0x0000000749400000, 0x0000000749400000| Untracked 
| 149|0x0000000749500000, 0x0000000749500000, 0x0000000749600000|  0%| F|  |TAMS 0x0000000749500000, 0x0000000749500000| Untracked 
| 150|0x0000000749600000, 0x0000000749600000, 0x0000000749700000|  0%| F|  |TAMS 0x0000000749600000, 0x0000000749600000| Untracked 
| 151|0x0000000749700000, 0x0000000749700000, 0x0000000749800000|  0%| F|  |TAMS 0x0000000749700000, 0x0000000749700000| Untracked 
| 152|0x0000000749800000, 0x0000000749800000, 0x0000000749900000|  0%| F|  |TAMS 0x0000000749800000, 0x0000000749800000| Untracked 
| 153|0x0000000749900000, 0x0000000749900000, 0x0000000749a00000|  0%| F|  |TAMS 0x0000000749900000, 0x0000000749900000| Untracked 
| 154|0x0000000749a00000, 0x0000000749a00000, 0x0000000749b00000|  0%| F|  |TAMS 0x0000000749a00000, 0x0000000749a00000| Untracked 
| 155|0x0000000749b00000, 0x0000000749b00000, 0x0000000749c00000|  0%| F|  |TAMS 0x0000000749b00000, 0x0000000749b00000| Untracked 
| 156|0x0000000749c00000, 0x0000000749c00000, 0x0000000749d00000|  0%| F|  |TAMS 0x0000000749c00000, 0x0000000749c00000| Untracked 
| 157|0x0000000749d00000, 0x0000000749d00000, 0x0000000749e00000|  0%| F|  |TAMS 0x0000000749d00000, 0x0000000749d00000| Untracked 
| 158|0x0000000749e00000, 0x0000000749e00000, 0x0000000749f00000|  0%| F|  |TAMS 0x0000000749e00000, 0x0000000749e00000| Untracked 
| 159|0x0000000749f00000, 0x0000000749f00000, 0x000000074a000000|  0%| F|  |TAMS 0x0000000749f00000, 0x0000000749f00000| Untracked 
| 160|0x000000074a000000, 0x000000074a000000, 0x000000074a100000|  0%| F|  |TAMS 0x000000074a000000, 0x000000074a000000| Untracked 
| 161|0x000000074a100000, 0x000000074a100000, 0x000000074a200000|  0%| F|  |TAMS 0x000000074a100000, 0x000000074a100000| Untracked 
| 162|0x000000074a200000, 0x000000074a200000, 0x000000074a300000|  0%| F|  |TAMS 0x000000074a200000, 0x000000074a200000| Untracked 
| 163|0x000000074a300000, 0x000000074a300000, 0x000000074a400000|  0%| F|  |TAMS 0x000000074a300000, 0x000000074a300000| Untracked 
| 164|0x000000074a400000, 0x000000074a400000, 0x000000074a500000|  0%| F|  |TAMS 0x000000074a400000, 0x000000074a400000| Untracked 
| 165|0x000000074a500000, 0x000000074a500000, 0x000000074a600000|  0%| F|  |TAMS 0x000000074a500000, 0x000000074a500000| Untracked 
| 166|0x000000074a600000, 0x000000074a600000, 0x000000074a700000|  0%| F|  |TAMS 0x000000074a600000, 0x000000074a600000| Untracked 
| 167|0x000000074a700000, 0x000000074a700000, 0x000000074a800000|  0%| F|  |TAMS 0x000000074a700000, 0x000000074a700000| Untracked 
| 168|0x000000074a800000, 0x000000074a800000, 0x000000074a900000|  0%| F|  |TAMS 0x000000074a800000, 0x000000074a800000| Untracked 
| 169|0x000000074a900000, 0x000000074a900000, 0x000000074aa00000|  0%| F|  |TAMS 0x000000074a900000, 0x000000074a900000| Untracked 
| 170|0x000000074aa00000, 0x000000074aa00000, 0x000000074ab00000|  0%| F|  |TAMS 0x000000074aa00000, 0x000000074aa00000| Untracked 
| 171|0x000000074ab00000, 0x000000074ab00000, 0x000000074ac00000|  0%| F|  |TAMS 0x000000074ab00000, 0x000000074ab00000| Untracked 
| 172|0x000000074ac00000, 0x000000074ac00000, 0x000000074ad00000|  0%| F|  |TAMS 0x000000074ac00000, 0x000000074ac00000| Untracked 
| 173|0x000000074ad00000, 0x000000074ad00000, 0x000000074ae00000|  0%| F|  |TAMS 0x000000074ad00000, 0x000000074ad00000| Untracked 
| 174|0x000000074ae00000, 0x000000074ae00000, 0x000000074af00000|  0%| F|  |TAMS 0x000000074ae00000, 0x000000074ae00000| Untracked 
| 175|0x000000074af00000, 0x000000074af00000, 0x000000074b000000|  0%| F|  |TAMS 0x000000074af00000, 0x000000074af00000| Untracked 
| 176|0x000000074b000000, 0x000000074b000000, 0x000000074b100000|  0%| F|  |TAMS 0x000000074b000000, 0x000000074b000000| Untracked 
| 177|0x000000074b100000, 0x000000074b100000, 0x000000074b200000|  0%| F|  |TAMS 0x000000074b100000, 0x000000074b100000| Untracked 
| 178|0x000000074b200000, 0x000000074b200000, 0x000000074b300000|  0%| F|  |TAMS 0x000000074b200000, 0x000000074b200000| Untracked 
| 179|0x000000074b300000, 0x000000074b300000, 0x000000074b400000|  0%| F|  |TAMS 0x000000074b300000, 0x000000074b300000| Untracked 
| 180|0x000000074b400000, 0x000000074b400000, 0x000000074b500000|  0%| F|  |TAMS 0x000000074b400000, 0x000000074b400000| Untracked 
| 181|0x000000074b500000, 0x000000074b500000, 0x000000074b600000|  0%| F|  |TAMS 0x000000074b500000, 0x000000074b500000| Untracked 
| 182|0x000000074b600000, 0x000000074b600000, 0x000000074b700000|  0%| F|  |TAMS 0x000000074b600000, 0x000000074b600000| Untracked 
| 183|0x000000074b700000, 0x000000074b700000, 0x000000074b800000|  0%| F|  |TAMS 0x000000074b700000, 0x000000074b700000| Untracked 
| 184|0x000000074b800000, 0x000000074b800000, 0x000000074b900000|  0%| F|  |TAMS 0x000000074b800000, 0x000000074b800000| Untracked 
| 185|0x000000074b900000, 0x000000074b900000, 0x000000074ba00000|  0%| F|  |TAMS 0x000000074b900000, 0x000000074b900000| Untracked 
| 186|0x000000074ba00000, 0x000000074ba00000, 0x000000074bb00000|  0%| F|  |TAMS 0x000000074ba00000, 0x000000074ba00000| Untracked 
| 187|0x000000074bb00000, 0x000000074bb00000, 0x000000074bc00000|  0%| F|  |TAMS 0x000000074bb00000, 0x000000074bb00000| Untracked 
| 188|0x000000074bc00000, 0x000000074bc00000, 0x000000074bd00000|  0%| F|  |TAMS 0x000000074bc00000, 0x000000074bc00000| Untracked 
| 189|0x000000074bd00000, 0x000000074bd00000, 0x000000074be00000|  0%| F|  |TAMS 0x000000074bd00000, 0x000000074bd00000| Untracked 
| 190|0x000000074be00000, 0x000000074be00000, 0x000000074bf00000|  0%| F|  |TAMS 0x000000074be00000, 0x000000074be00000| Untracked 
| 191|0x000000074bf00000, 0x000000074bf00000, 0x000000074c000000|  0%| F|  |TAMS 0x000000074bf00000, 0x000000074bf00000| Untracked 

Card table byte_map: [0x00000158caf20000,0x00000158cb520000] _byte_map_base: 0x00000158c7520000

Marking Bits (Prev, Next): (CMBitMap*) 0x00000158b43634f0, (CMBitMap*) 0x00000158b43634b8
 Prev Bits: [0x00000158ceb20000, 0x00000158d1b20000)
 Next Bits: [0x00000158cbb20000, 0x00000158ceb20000)

Polling page: 0x00000158b3a80000

Metaspace:

Usage:
  Non-class:     28.75 MB capacity,    28.22 MB ( 98%) used,   446.38 KB (  2%) free+waste,    96.81 KB ( <1%) overhead. 
      Class:      3.93 MB capacity,     3.63 MB ( 92%) used,   268.05 KB (  7%) free+waste,    46.88 KB (  1%) overhead. 
       Both:     32.68 MB capacity,    31.84 MB ( 97%) used,   714.44 KB (  2%) free+waste,   143.69 KB ( <1%) overhead. 

Virtual space:
  Non-class space:       30.00 MB reserved,      28.75 MB ( 96%) committed 
      Class space:        1.00 GB reserved,       4.00 MB ( <1%) committed 
             Both:        1.03 GB reserved,      32.75 MB (  3%) committed 

Chunk freelists:
   Non-Class:  384 bytes
       Class:  384 bytes
        Both:  768 bytes

CodeHeap 'non-profiled nmethods': size=120064Kb used=1776Kb max_used=1776Kb free=118287Kb
 bounds [0x00000158c33e0000, 0x00000158c3650000, 0x00000158ca920000]
CodeHeap 'profiled nmethods': size=120000Kb used=8179Kb max_used=8179Kb free=111820Kb
 bounds [0x00000158bbeb0000, 0x00000158bc6b0000, 0x00000158c33e0000]
CodeHeap 'non-nmethods': size=5696Kb used=1157Kb max_used=1197Kb free=4538Kb
 bounds [0x00000158bb920000, 0x00000158bbb90000, 0x00000158bbeb0000]
 total_blobs=4028 nmethods=3559 adapters=380
 compilation: enabled
              stopped_count=0, restarted_count=0
 full_count=0

Compilation events (10 events):
Event: 8.124 Thread 0x00000158d4715800 3559       3       org.springframework.core.SerializableTypeWrapper$MethodParameterTypeProvider::getType (8 bytes)
Event: 8.124 Thread 0x00000158d4715800 nmethod 3559 0x00000158bc6a2910 code [0x00000158bc6a2ac0, 0x00000158bc6a2c08]
Event: 8.125 Thread 0x00000158d4715800 3560   !   3       org.springframework.beans.factory.support.DefaultListableBeanFactory::doGetBeanNamesForType (528 bytes)
Event: 8.131 Thread 0x00000158d4715800 nmethod 3560 0x00000158bc6a2d10 code [0x00000158bc6a3580, 0x00000158bc6aa118]
Event: 8.136 Thread 0x00000158d4715800 3561       1       org.springframework.core.type.classreading.SimpleMethodMetadata::getMethodName (5 bytes)
Event: 8.136 Thread 0x00000158d4715800 nmethod 3561 0x00000158c359bd10 code [0x00000158c359bea0, 0x00000158c359bf58]
Event: 8.137 Thread 0x00000158d4715800 3562       3       java.lang.Boolean::equals (29 bytes)
Event: 8.137 Thread 0x00000158d4715800 nmethod 3562 0x00000158bc6ac690 code [0x00000158bc6ac840, 0x00000158bc6acc18]
Event: 8.140 Thread 0x00000158d4715800 3563       1       org.springframework.context.annotation.ConfigurationClass::getResource (5 bytes)
Event: 8.140 Thread 0x00000158d4715800 nmethod 3563 0x00000158c359c010 code [0x00000158c359c1a0, 0x00000158c359c258]

GC Heap History (10 events):
Event: 1.181 GC heap after
{Heap after GC invocations=2 (full 0):
 garbage-first heap   total 196608K, used 6632K [0x0000000740000000, 0x0000000800000000)
  region size 1024K, 2 young (2048K), 2 survivors (2048K)
 Metaspace       used 9414K, capacity 9539K, committed 9600K, reserved 1058816K
  class space    used 840K, capacity 877K, committed 896K, reserved 1048576K
}
Event: 1.605 GC heap before
{Heap before GC invocations=2 (full 0):
 garbage-first heap   total 196608K, used 16872K [0x0000000740000000, 0x0000000800000000)
  region size 1024K, 12 young (12288K), 2 survivors (2048K)
 Metaspace       used 11143K, capacity 11335K, committed 11392K, reserved 1058816K
  class space    used 1057K, capacity 1140K, committed 1152K, reserved 1048576K
}
Event: 1.608 GC heap after
{Heap after GC invocations=3 (full 0):
 garbage-first heap   total 196608K, used 7214K [0x0000000740000000, 0x0000000800000000)
  region size 1024K, 1 young (1024K), 1 survivors (1024K)
 Metaspace       used 11143K, capacity 11335K, committed 11392K, reserved 1058816K
  class space    used 1057K, capacity 1140K, committed 1152K, reserved 1048576K
}
Event: 2.890 GC heap before
{Heap before GC invocations=3 (full 0):
 garbage-first heap   total 196608K, used 36910K [0x0000000740000000, 0x0000000800000000)
  region size 1024K, 29 young (29696K), 1 survivors (1024K)
 Metaspace       used 15807K, capacity 16114K, committed 16384K, reserved 1064960K
  class space    used 1603K, capacity 1725K, committed 1792K, reserved 1048576K
}
Event: 2.895 GC heap after
{Heap after GC invocations=4 (full 0):
 garbage-first heap   total 196608K, used 8236K [0x0000000740000000, 0x0000000800000000)
  region size 1024K, 2 young (2048K), 2 survivors (2048K)
 Metaspace       used 15807K, capacity 16114K, committed 16384K, reserved 1064960K
  class space    used 1603K, capacity 1725K, committed 1792K, reserved 1048576K
}
Event: 3.847 GC heap before
{Heap before GC invocations=4 (full 0):
 garbage-first heap   total 196608K, used 39980K [0x0000000740000000, 0x0000000800000000)
  region size 1024K, 35 young (35840K), 2 survivors (2048K)
 Metaspace       used 20636K, capacity 21152K, committed 21248K, reserved 1069056K
  class space    used 2271K, capacity 2503K, committed 2560K, reserved 1048576K
}
Event: 3.854 GC heap after
{Heap after GC invocations=5 (full 0):
 garbage-first heap   total 196608K, used 9576K [0x0000000740000000, 0x0000000800000000)
  region size 1024K, 3 young (3072K), 3 survivors (3072K)
 Metaspace       used 20636K, capacity 21152K, committed 21248K, reserved 1069056K
  class space    used 2271K, capacity 2503K, committed 2560K, reserved 1048576K
}
Event: 4.654 GC heap before
{Heap before GC invocations=6 (full 0):
 garbage-first heap   total 196608K, used 51560K [0x0000000740000000, 0x0000000800000000)
  region size 1024K, 45 young (46080K), 3 survivors (3072K)
 Metaspace       used 26331K, capacity 26947K, committed 27136K, reserved 1073152K
  class space    used 2972K, capacity 3223K, committed 3328K, reserved 1048576K
}
Event: 4.663 GC heap after
{Heap after GC invocations=7 (full 0):
 garbage-first heap   total 196608K, used 10652K [0x0000000740000000, 0x0000000800000000)
  region size 1024K, 4 young (4096K), 4 survivors (4096K)
 Metaspace       used 26331K, capacity 26947K, committed 27136K, reserved 1073152K
  class space    used 2972K, capacity 3223K, committed 3328K, reserved 1048576K
}
Event: 8.141 GC heap before
{Heap before GC invocations=7 (full 0):
 garbage-first heap   total 196608K, used 124316K [0x0000000740000000, 0x0000000800000000)
  region size 1024K, 115 young (117760K), 4 survivors (4096K)
 Metaspace       used 32607K, capacity 33466K, committed 33536K, reserved 1079296K
  class space    used 3714K, capacity 4029K, committed 4096K, reserved 1048576K
}

Deoptimization events (10 events):
Event: 5.415 Thread 0x00000158d52b9800 Uncommon trap: reason=bimorphic_or_optimized_type_check action=maybe_recompile pc=0x00000158c34feccc method=java.util.HashMap.putVal(ILjava/lang/Object;Ljava/lang/Object;ZZ)Ljava/lang/Object; @ 253 c2
Event: 5.647 Thread 0x00000158d52b9800 Uncommon trap: reason=unstable_if action=reinterpret pc=0x00000158c3404bd8 method=java.util.zip.ZipFile$Source.getEntryPos([BZ)I @ 156 c2
Event: 5.884 Thread 0x00000158d52b9800 Uncommon trap: reason=unstable_if action=reinterpret pc=0x00000158c35332a8 method=java.util.Properties.load0(Ljava/util/Properties$LineReader;)V @ 14 c2
Event: 6.164 Thread 0x00000158d7436800 Uncommon trap: reason=unstable_if action=reinterpret pc=0x00000158c3446d78 method=java.lang.ThreadLocal.get()Ljava/lang/Object; @ 11 c2
Event: 6.243 Thread 0x00000158d7436800 Uncommon trap: reason=intrinsic_or_type_checked_inlining action=make_not_entrant pc=0x00000158c35395d0 method=java.util.Arrays.copyOf([Ljava/lang/Object;ILjava/lang/Class;)[Ljava/lang/Object; @ 35 c2
Event: 6.571 Thread 0x00000158d52b9800 Uncommon trap: reason=intrinsic_or_type_checked_inlining action=make_not_entrant pc=0x00000158c354e31c method=java.util.ArrayList.toArray([Ljava/lang/Object;)[Ljava/lang/Object; @ 36 c2
Event: 6.981 Thread 0x00000158d52b9800 Uncommon trap: reason=class_check action=make_not_entrant pc=0x00000158c35648dc method=java.util.ArrayList.toArray([Ljava/lang/Object;)[Ljava/lang/Object; @ 21 c2
Event: 7.527 Thread 0x00000158d52b9800 Uncommon trap: reason=unstable_if action=reinterpret pc=0x00000158c3571b84 method=org.springframework.core.annotation.MergedAnnotationsCollection.find(Ljava/lang/Object;Ljava/util/function/Predicate;Lorg/springframework/core/annotation/MergedAnnotationSel
Event: 7.561 Thread 0x00000158d52b9800 Uncommon trap: reason=profile_predicate action=maybe_recompile pc=0x00000158c3574404 method=org.springframework.boot.context.properties.source.ConfigurationPropertyName$Elements.canShortcutWithSource(Lorg/springframework/boot/context/properties/source/Con
Event: 7.947 Thread 0x00000158d52b9800 Uncommon trap: reason=profile_predicate action=maybe_recompile pc=0x00000158c3574404 method=org.springframework.boot.context.properties.source.ConfigurationPropertyName$Elements.canShortcutWithSource(Lorg/springframework/boot/context/properties/source/Con

Classes redefined (0 events):
No events

Internal exceptions (10 events):
Event: 4.360 Thread 0x00000158d5c04000 Exception <a 'java/lang/NoSuchMethodError'{0x000000074a0e6108}: java.lang.invoke.DirectMethodHandle$Holder.invokeStaticInit(Ljava/lang/Object;Ljava/lang/Object;)J> (0x000000074a0e6108) thrown at [./open/src/hotspot/share/interpreter/linkResolver.cpp, line
Event: 4.364 Thread 0x00000158d5c04000 Exception <a 'java/lang/NoSuchMethodError'{0x000000074a0f25c8}: java.lang.invoke.DirectMethodHandle$Holder.invokeInterface(Ljava/lang/Object;Ljava/lang/Object;)J> (0x000000074a0f25c8) thrown at [./open/src/hotspot/share/interpreter/linkResolver.cpp, line 
Event: 4.364 Thread 0x00000158d5c04000 Exception <a 'java/lang/IncompatibleClassChangeError'{0x000000074a0f5360}: Found class java.lang.Object, but interface was expected> (0x000000074a0f5360) thrown at [./open/src/hotspot/share/interpreter/linkResolver.cpp, line 838]
Event: 4.376 Thread 0x00000158d5c04000 Exception <a 'java/lang/NoSuchMethodError'{0x0000000749e3dbe8}: java.lang.invoke.DirectMethodHandle$Holder.invokeVirtual(Ljava/lang/Object;Ljava/lang/Object;Ljava/lang/Object;Ljava/lang/Object;)Ljava/lang/Object;> (0x0000000749e3dbe8) thrown at [./open/sr
Event: 4.442 Thread 0x00000158d52b9800 Exception <a 'java/lang/NoSuchMethodError'{0x000000074996e6e8}: java.lang.invoke.DirectMethodHandle$Holder.invokeInterface(Ljava/lang/Object;Ljava/lang/Object;Ljava/lang/Object;Ljava/lang/Object;)V> (0x000000074996e6e8) thrown at [./open/src/hotspot/share
Event: 4.996 Thread 0x00000158d52b9800 Exception <a 'java/lang/ClassNotFoundException'{0x000000074b6405b0}: java/lang/ObjectCustomizer> (0x000000074b6405b0) thrown at [./open/src/hotspot/share/classfile/systemDictionary.cpp, line 226]
Event: 5.001 Thread 0x00000158d52b9800 Exception <a 'java/lang/ClassNotFoundException'{0x000000074b658e78}: org/springframework/cloud/config/client/ConfigClientPropertiesCustomizer> (0x000000074b658e78) thrown at [./open/src/hotspot/share/classfile/systemDictionary.cpp, line 226]
Event: 6.164 Thread 0x00000158d7436800 Implicit null exception at 0x00000158c344684f to 0x00000158c3446d5c
Event: 6.231 Thread 0x00000158d52b9800 Exception <a 'java/lang/NoClassDefFoundError'{0x0000000749b5cd28}: org/glassfish/jersey/server/monitoring/ApplicationEventListener> (0x0000000749b5cd28) thrown at [./open/src/hotspot/share/classfile/systemDictionary.cpp, line 215]
Event: 6.273 Thread 0x00000158d52b9800 Exception <a 'java/lang/IncompatibleClassChangeError'{0x0000000749668590}: Found class java.lang.Object, but interface was expected> (0x0000000749668590) thrown at [./open/src/hotspot/share/interpreter/linkResolver.cpp, line 838]

Events (10 events):
Event: 8.136 loading class io/github/resilience4j/bulkhead/event/BulkheadEvent done
Event: 8.138 loading class io/github/resilience4j/bulkhead/autoconfigure/BulkheadConfigurationOnMissingBean
Event: 8.138 loading class io/github/resilience4j/bulkhead/autoconfigure/BulkheadConfigurationOnMissingBean done
Event: 8.138 loading class io/github/resilience4j/bulkhead/autoconfigure/AbstractBulkheadConfigurationOnMissingBean
Event: 8.138 loading class io/github/resilience4j/bulkhead/autoconfigure/AbstractBulkheadConfigurationOnMissingBean done
Event: 8.141 loading class io/github/resilience4j/bulkhead/configure/BulkheadConfigurationProperties
Event: 8.141 loading class io/github/resilience4j/bulkhead/configure/BulkheadConfigurationProperties done
Event: 8.141 loading class io/github/resilience4j/common/bulkhead/configuration/BulkheadConfigurationProperties
Event: 8.141 loading class io/github/resilience4j/common/bulkhead/configuration/BulkheadConfigurationProperties done
Event: 8.141 Executing VM operation: G1CollectForAllocation


Dynamic libraries:
0x00007ff727f20000 - 0x00007ff727f2f000 	C:\Program Files\Java\jdk-11.0.14\bin\java.exe
0x00007fff08f70000 - 0x00007fff09167000 	C:\Windows\SYSTEM32\ntdll.dll
0x00007fff08340000 - 0x00007fff083fd000 	C:\Windows\System32\KERNEL32.DLL
0x00007fff06740000 - 0x00007fff06a0d000 	C:\Windows\System32\KERNELBASE.dll
0x00007fff06a60000 - 0x00007fff06b60000 	C:\Windows\System32\ucrtbase.dll
0x00007ffefe360000 - 0x00007ffefe378000 	C:\Program Files\Java\jdk-11.0.14\bin\jli.dll
0x00007fff07170000 - 0x00007fff0721e000 	C:\Windows\System32\ADVAPI32.dll
0x00007fff08400000 - 0x00007fff0849e000 	C:\Windows\System32\msvcrt.dll
0x00007fff084a0000 - 0x00007fff0853c000 	C:\Windows\System32\sechost.dll
0x00007fff072e0000 - 0x00007fff07405000 	C:\Windows\System32\RPCRT4.dll
0x00007fff075b0000 - 0x00007fff07750000 	C:\Windows\System32\USER32.dll
0x00007fff06e70000 - 0x00007fff06e92000 	C:\Windows\System32\win32u.dll
0x00007fff08240000 - 0x00007fff0826a000 	C:\Windows\System32\GDI32.dll
0x00007fff06d60000 - 0x00007fff06e6b000 	C:\Windows\System32\gdi32full.dll
0x00007fff06cc0000 - 0x00007fff06d5d000 	C:\Windows\System32\msvcp_win.dll
0x00007ffefcd70000 - 0x00007ffefcd85000 	C:\Program Files\Java\jdk-11.0.14\bin\VCRUNTIME140.dll
0x00007fff043d0000 - 0x00007fff0466a000 	C:\Windows\WinSxS\amd64_microsoft.windows.common-controls_6595b64144ccf1df_6.0.19041.1110_none_60b5254171f9507e\COMCTL32.dll
0x00007fff06280000 - 0x00007fff0628a000 	C:\Windows\SYSTEM32\VERSION.dll
0x00007fff07ec0000 - 0x00007fff07ef0000 	C:\Windows\System32\IMM32.DLL
0x00007fff06520000 - 0x00007fff06558000 	C:\Program Files\Citrix\System32\MfApHook64.dll
0x00007fff063d0000 - 0x00007fff063e2000 	C:\Program Files\Citrix\IcaService\FullScreenHook64.dll
0x00007ffed7fa0000 - 0x00007ffed803b000 	C:\Program Files\Java\jdk-11.0.14\bin\MSVCP140.dll
0x00007fff05ef0000 - 0x00007fff05f1a000 	C:\Program Files\Citrix\ICAService\ShellHook64.dll
0x00007fff07540000 - 0x00007fff07595000 	C:\Windows\System32\SHLWAPI.dll
0x00007fff05de0000 - 0x00007fff05eef000 	C:\Program Files\Citrix\IcaService\SCardHook64.dll
0x00007fff05cf0000 - 0x00007fff05d10000 	C:\Program Files\Citrix\ICAService\cxinjime64.dll
0x00007fff05cc0000 - 0x00007fff05ce6000 	C:\Program Files\Citrix\ICAService\PicaWtsHook64.dll
0x00007ffea6490000 - 0x00007ffea6fa6000 	C:\Program Files\Java\jdk-11.0.14\bin\server\jvm.dll
0x00007fff07220000 - 0x00007fff07228000 	C:\Windows\System32\PSAPI.DLL
0x00007ffef0e80000 - 0x00007ffef0e89000 	C:\Windows\SYSTEM32\WSOCK32.dll
0x00007fff085c0000 - 0x00007fff0862b000 	C:\Windows\System32\WS2_32.dll
0x00007ffefe280000 - 0x00007ffefe2a7000 	C:\Windows\SYSTEM32\WINMM.dll
0x00007fff03ba0000 - 0x00007fff03bb2000 	C:\Windows\SYSTEM32\kernel.appcore.dll
0x00007ffefed30000 - 0x00007ffefed40000 	C:\Program Files\Java\jdk-11.0.14\bin\verify.dll
0x00007fff03710000 - 0x00007fff038f4000 	C:\Windows\SYSTEM32\DBGHELP.DLL
0x00007ffefd830000 - 0x00007ffefd85c000 	C:\Windows\SYSTEM32\dbgcore.DLL
0x00007fff06ea0000 - 0x00007fff06f22000 	C:\Windows\System32\bcryptPrimitives.dll
0x00007ffefab80000 - 0x00007ffefaba8000 	C:\Program Files\Java\jdk-11.0.14\bin\java.dll
0x00007ffefd780000 - 0x00007ffefd78a000 	C:\Program Files\Java\jdk-11.0.14\bin\jimage.dll
0x00007ffefd3a0000 - 0x00007ffefd3ae000 	C:\Program Files\Java\jdk-11.0.14\bin\instrument.dll
0x00007ffee2a60000 - 0x00007ffee2a76000 	C:\Program Files\Java\jdk-11.0.14\bin\zip.dll
0x000000005e130000 - 0x000000005e191000 	C:\Windows\SYSTEM32\vmGuestLib.DLL
0x00007ffeea210000 - 0x00007ffeea21a000 	C:\Windows\system32\vsocklib.dll
0x00007fff07770000 - 0x00007fff07eb4000 	C:\Windows\System32\SHELL32.dll
0x00007fff03bf0000 - 0x00007fff04384000 	C:\Windows\SYSTEM32\windows.storage.dll
0x00007fff08bd0000 - 0x00007fff08f24000 	C:\Windows\System32\combase.dll
0x00007fff058c0000 - 0x00007fff058ec000 	C:\Windows\SYSTEM32\Wldp.dll
0x00007fff06fd0000 - 0x00007fff0707d000 	C:\Windows\System32\SHCORE.dll
0x00007fff06580000 - 0x00007fff0659f000 	C:\Windows\SYSTEM32\profapi.dll
0x00007ffee19f0000 - 0x00007ffee1a09000 	C:\Program Files\Java\jdk-11.0.14\bin\net.dll
0x00007fff04e80000 - 0x00007fff04f8a000 	C:\Windows\SYSTEM32\WINHTTP.dll
0x00007fff05570000 - 0x00007fff055da000 	C:\Windows\system32\mswsock.dll
0x00007ffedf510000 - 0x00007ffedf522000 	C:\Program Files\Java\jdk-11.0.14\bin\nio.dll
0x00007ffedcc80000 - 0x00007ffedcc9a000 	C:\Program Files\JetBrains\IntelliJ IDEA Community Edition 2021.3.3\bin\breakgen64.dll
0x00007ffefcf40000 - 0x00007ffefcf49000 	C:\Program Files\Java\jdk-11.0.14\bin\management.dll
0x00007ffefce70000 - 0x00007ffefce7b000 	C:\Program Files\Java\jdk-11.0.14\bin\management_ext.dll
0x00007fff05270000 - 0x00007fff052ab000 	C:\Windows\SYSTEM32\IPHLPAPI.DLL
0x00007fff08aa0000 - 0x00007fff08aa8000 	C:\Windows\System32\NSI.dll
0x00007fff01090000 - 0x00007fff010a7000 	C:\Windows\SYSTEM32\dhcpcsvc6.DLL
0x00007fff00cb0000 - 0x00007fff00ccd000 	C:\Windows\SYSTEM32\dhcpcsvc.DLL
0x00007fff05300000 - 0x00007fff053cb000 	C:\Windows\SYSTEM32\DNSAPI.dll
0x00007fff00010000 - 0x00007fff0001a000 	C:\Windows\System32\rasadhlp.dll
0x00007fff00f60000 - 0x00007fff00fe0000 	C:\Windows\System32\fwpuclnt.dll
0x00007fff06f30000 - 0x00007fff06f57000 	C:\Windows\System32\bcrypt.dll
0x00007ffef53f0000 - 0x00007ffef5407000 	C:\Windows\system32\napinsp.dll
0x00007ffef52a0000 - 0x00007ffef52bb000 	C:\Windows\system32\pnrpnsp.dll
0x00007ffef5410000 - 0x00007ffef5425000 	C:\Windows\system32\wshbth.dll
0x00007fff00680000 - 0x00007fff0069d000 	C:\Windows\system32\NLAapi.dll
0x00007ffef5430000 - 0x00007ffef5442000 	C:\Windows\System32\winrnr.dll

dbghelp: loaded successfully - version: 4.0.5 - missing functions: none
symbol engine: initialized successfully - sym options: 0x614 - pdb path: .;C:\Program Files\Java\jdk-11.0.14\bin;C:\Windows\SYSTEM32;C:\Windows\WinSxS\amd64_microsoft.windows.common-controls_6595b64144ccf1df_6.0.19041.1110_none_60b5254171f9507e;C:\Program Files\Citrix\System32;C:\Program Files\Citrix\IcaService;C:\Program Files\Java\jdk-11.0.14\bin\server;C:\Program Files\JetBrains\IntelliJ IDEA Community Edition 2021.3.3\bin

VM Arguments:
jvm_args: -javaagent:C:\Program Files\JetBrains\IntelliJ IDEA Community Edition 2021.3.3\lib\idea_rt.jar=49330:C:\Program Files\JetBrains\IntelliJ IDEA Community Edition 2021.3.3\bin -Dfile.encoding=UTF-8 
java_command: com.citiustechpune.SearchApiApplication
java_class_path (initial): C:\Users\SagarM7\Downloads\MicroservicesDemo\SearchApi\SearchApi\target\classes;C:\Users\SagarM7\.m2\repository\org\springframework\cloud\spring-cloud-starter-netflix-eureka-client\3.1.3\spring-cloud-starter-netflix-eureka-client-3.1.3.jar;C:\Users\SagarM7\.m2\repository\org\springframework\cloud\spring-cloud-starter\3.1.3\spring-cloud-starter-3.1.3.jar;C:\Users\SagarM7\.m2\repository\org\springframework\cloud\spring-cloud-context\3.1.3\spring-cloud-context-3.1.3.jar;C:\Users\SagarM7\.m2\repository\org\springframework\security\spring-security-rsa\1.0.10.RELEASE\spring-security-rsa-1.0.10.RELEASE.jar;C:\Users\SagarM7\.m2\repository\org\bouncycastle\bcpkix-jdk15on\1.68\bcpkix-jdk15on-1.68.jar;C:\Users\SagarM7\.m2\repository\org\bouncycastle\bcprov-jdk15on\1.68\bcprov-jdk15on-1.68.jar;C:\Users\SagarM7\.m2\repository\org\springframework\cloud\spring-cloud-netflix-eureka-client\3.1.3\spring-cloud-netflix-eureka-client-3.1.3.jar;C:\Users\SagarM7\.m2\repository\com\netflix\eureka\eureka-client\1.10.17\eureka-client-1.10.17.jar;C:\Users\SagarM7\.m2\repository\com\netflix\netflix-commons\netflix-eventbus\0.3.0\netflix-eventbus-0.3.0.jar;C:\Users\SagarM7\.m2\repository\com\netflix\netflix-commons\netflix-infix\0.3.0\netflix-infix-0.3.0.jar;C:\Users\SagarM7\.m2\repository\commons-jxpath\commons-jxpath\1.3\commons-jxpath-1.3.jar;C:\Users\SagarM7\.m2\repository\joda-time\joda-time\2.3\joda-time-2.3.jar;C:\Users\SagarM7\.m2\repository\org\antlr\antlr-runtime\3.4\antlr-runtime-3.4.jar;C:\Users\SagarM7\.m2\repository\org\antlr\stringtemplate\3.2.1\stringtemplate-3.2.1.jar;C:\Users\SagarM7\.m2\repository\antlr\antlr\2.7.7\antlr-2.7.7.jar;C:\Users\SagarM7\.m2\repository\com\google\code\gson\gson\2.9.0\gson-2.9.0.jar;C:\Users\SagarM7\.m2\repository\org\apache\commons\commons-math\2.2\commons-math-2.2.jar;C:\Users\SagarM7\.m2\repository\com\thoughtworks\xstream\xstream\1.4.18\xstream-1.4.18.jar;C:\Users\SagarM7\.m2\repository\io\github\x-stream\mxparser\1.2
Launcher Type: SUN_STANDARD

[Global flags]
     intx CICompilerCount                          = 2                                         {product} {ergonomic}
     uint ConcGCThreads                            = 1                                         {product} {ergonomic}
     uint G1ConcRefinementThreads                  = 2                                         {product} {ergonomic}
   size_t G1HeapRegionSize                         = 1048576                                   {product} {ergonomic}
    uintx GCDrainStackTargetSize                   = 64                                        {product} {ergonomic}
   size_t InitialHeapSize                          = 201326592                                 {product} {ergonomic}
   size_t MarkStackSize                            = 4194304                                   {product} {ergonomic}
   size_t MaxHeapSize                              = 3221225472                                {product} {ergonomic}
   size_t MaxNewSize                               = 1932525568                                {product} {ergonomic}
   size_t MinHeapDeltaBytes                        = 1048576                                   {product} {ergonomic}
    uintx NonNMethodCodeHeapSize                   = 5825164                                {pd product} {ergonomic}
    uintx NonProfiledCodeHeapSize                  = 122916538                              {pd product} {ergonomic}
    uintx ProfiledCodeHeapSize                     = 122916538                              {pd product} {ergonomic}
    uintx ReservedCodeCacheSize                    = 251658240                              {pd product} {ergonomic}
     bool SegmentedCodeCache                       = true                                      {product} {ergonomic}
     bool UseCompressedClassPointers               = true                                 {lp64_product} {ergonomic}
     bool UseCompressedOops                        = true                                 {lp64_product} {ergonomic}
     bool UseG1GC                                  = true                                      {product} {ergonomic}
     bool UseLargePagesIndividualAllocation        = false                                  {pd product} {ergonomic}

Logging:
Log output configuration:
 #0: stdout all=warning uptime,level,tags
 #1: stderr all=off uptime,level,tags

Environment Variables:
JAVA_HOME=C:\Program Files\Java\jdk1.8.0_311
PATH=C:\Program Files\Common Files\Oracle\Java\javapath;C:\Program Files (x86)\Common Files\Oracle\Java\javapath;C:\Windows\system32;C:\Windows;C:\Windows\System32\Wbem;C:\Windows\System32\WindowsPowerShell\v1.0\;C:\Windows\System32\OpenSSH\;C:\Program Files\Citrix\System32\;C:\Program Files\Citrix\ICAService\;C:\Program Files\Git\cmd;C:\Program Files\nodejs\;C:\Program Files (x86)\Microsoft SQL Server\150\Tools\Binn\;C:\Program Files\Microsoft SQL Server\150\Tools\Binn\;C:\Program Files (x86)\Microsoft SQL Server\150\DTS\Binn\;C:\Program Files\Microsoft SQL Server\150\DTS\Binn\;C:\Program Files\Microsoft SQL Server\Client SDK\ODBC\170\Tools\Binn\;C:\Program Files\Azure Data Studio\bin;%JAVA_HOME%\bin;C:\Program Files\Java\jdk-11.0.14\bin;C:\Users\SagarM7\Downloads\apache-maven-3.8.5-bin\apache-maven-3.8.5\bin;C:\Users\SagarM7\AppData\Local\Microsoft\WindowsApps;C:\Users\SagarM7\AppData\Roaming\npm;C:\Users\SagarM7\AppData\Local\Programs\Fiddler;C:\Program Files\Azure Data Studio\bin;C:\Users\SagarM7\AppData\Local\Programs\Microsoft VS Code\bin;C:\Program Files\Notepad++;
USERNAME=SagarM7
OS=Windows_NT
PROCESSOR_IDENTIFIER=Intel64 Family 6 Model 85 Stepping 7, GenuineIntel



---------------  S Y S T E M  ---------------

OS: Windows 10 , 64 bit Build 19041 (10.0.19041.1741)
VMWare virtualization detected
vSphere host information:
host.cpu.processorMHz = 2699
host.cpu.coresPerPkg = 28

vSphere resource information collected at VM startup:
vm.cpu.reserved = 0
vm.cpu.limit = -1
vm.cpu.used = 1307475585311
vm.cpu.contention.cpu = 21754327642
vm.cpu.contention.mem = 0
vm.numa.local = 12582904
vm.numa.remote = 8
guest.mem.reserved = 0
guest.mem.limit = -1
guest.mem.mapped = 12582912
guest.mem.consumed = 12581944
guest.mem.swapped = 0
guest.mem.ballooned = 0
guest.mem.swapIn = 0
guest.mem.swapOut = 0
ovhd.mem.swapped = 0
ovhd.mem.swapIn = 0
ovhd.mem.swapOut = 0

vSphere resource information available now:
vm.cpu.reserved = 0
vm.cpu.limit = -1
vm.cpu.used = 1307494674953
vm.cpu.contention.cpu = 21754346769
vm.cpu.contention.mem = 0
vm.numa.local = 12582904
vm.numa.remote = 8
guest.mem.reserved = 0
guest.mem.limit = -1
guest.mem.mapped = 12582912
guest.mem.consumed = 12581944
guest.mem.swapped = 0
guest.mem.ballooned = 0
guest.mem.swapIn = 0
guest.mem.swapOut = 0
ovhd.mem.swapped = 0
ovhd.mem.swapIn = 0
ovhd.mem.swapOut = 0


CPU:total 2 (initial active 2) (2 cores per cpu, 1 threads per core) family 6 model 85 stepping 7 microcode 0x5003103, cmov, cx8, fxsr, mmx, sse, sse2, sse3, ssse3, sse4.1, sse4.2, popcnt, avx, avx2, aes, clmul, erms, 3dnowpref, lzcnt, tsc, tscinvbit, bmi1, bmi2, adx, evex, fma

Memory: 4k page, system-wide physical 12287M (656M free)
TotalPageFile size 16383M (AvailPageFile size 6M)
current process WorkingSet (physical memory assigned to process): 250M, peak: 250M
current process commit charge ("private bytes"): 341M, peak: 380M

vm_info: Java HotSpot(TM) 64-Bit Server VM (11.0.14+8-LTS-263) for windows-amd64 JRE (11.0.14+8-LTS-263), built on Dec  7 2021 21:53:57 by "mach5one" with MS VC++ 15.9 (VS2017)

END.
